
                            < M A T L A B (R) >
                  Copyright 1984-2021 The MathWorks, Inc.
             R2021b Update 7 (9.11.0.2358333) 64-bit (glnxa64)
                              August 16, 2023

 
To get started, type doc.
For product information, visit www.mathworks.com.
 

error =

   10.0085


error =

   38.5746


error =

   38.5807


error =

   38.5760


error =

   38.5728


error =

   38.5752


error =

   38.5877


error =

   38.6079


error =

   38.5778


error =

   38.5755


error =

   38.5746


error =

   38.5746


error =

   38.5746


error =

   38.5746

                                            First-order      Norm of
 Iter F-count            f(x)  Feasibility   optimality         step
    0      13    3.857461e+01    0.000e+00    1.723e+06

error =

   36.6665


error =

   36.6888


error =

   36.6685


error =

   36.6643


error =

   36.6682


error =

   36.6830


error =

   36.7077


error =

   36.6690


error =

   36.6726


error =

   36.6665


error =

   36.6665


error =

   36.6665


error =

   36.6665

    1      26    3.666649e+01    0.000e+00    2.223e+06    7.477e-01

error =

    6.1852


error =

    6.2134


error =

    6.1866


error =

    6.1844


error =

    6.1868


error =

    6.2212


error =

    6.1857


error =

    6.1845


error =

    6.1866


error =

    6.1852


error =

    6.1852


error =

    6.1852


error =

    6.1852

    2      39    6.185190e+00    0.000e+00    2.368e+06    5.051e-02

error =

    3.1256


error =

    3.1401


error =

    3.1272


error =

    3.1252


error =

    3.1266


error =

    3.1503


error =

    3.1259


error =

    3.1253


error =

    3.1271


error =

    3.1256


error =

    3.1256


error =

    3.1256


error =

    3.1256

    3      52    3.125627e+00    0.000e+00    1.304e+06    4.753e-03

error =

    0.9689


error =

    0.9702


error =

    0.9702


error =

    0.9690


error =

    0.9692


error =

    0.9781


error =

    0.9691


error =

    0.9688


error =

    0.9700


error =

    0.9689


error =

    0.9689


error =

    0.9689


error =

    0.9689

    4      65    9.689091e-01    0.000e+00    5.140e+05    2.910e-03

error =

    1.0841


error =

    1.0865


error =

    1.0863


error =

    1.0841


error =

    1.0844


error =

    1.0929


error =

    1.0842


error =

    1.0840


error =

    1.0854


error =

    1.0841


error =

    1.0841


error =

    1.0841


error =

    1.0841

    5      78    1.084061e+00    0.000e+00    3.465e+05    1.205e-01

error =

    0.5377


error =

    0.7299


error =

    0.7311


error =

    0.7318


error =

    0.7299


error =

    0.7302


error =

    0.7371


error =

    0.7301


error =

    0.7299


error =

    0.7307


error =

    0.7299


error =

    0.7299


error =

    0.7299


error =

    0.7299

    6      92    7.299043e-01    0.000e+00    1.296e+05    3.870e-02

error =

    0.5516


error =

    0.5887


error =

    0.5895


error =

    0.5901


error =

    0.5887


error =

    0.5889


error =

    0.5953


error =

    0.5889


error =

    0.5887


error =

    0.5892


error =

    0.5887


error =

    0.5887


error =

    0.5887


error =

    0.5887

    7     106    5.887279e-01    0.000e+00    5.092e+04    1.891e-02

error =

    0.5383


error =

    0.5388


error =

    0.5391


error =

    0.5383


error =

    0.5383


error =

    0.5435


error =

    0.5385


error =

    0.5383

