
                            < M A T L A B (R) >
                  Copyright 1984-2021 The MathWorks, Inc.
             R2021b Update 7 (9.11.0.2358333) 64-bit (glnxa64)
                              August 16, 2023

 
To get started, type doc.
For product information, visit www.mathworks.com.
 

error =

   10.0085


error =

   33.4694


error =

   33.4654


error =

   33.4885


error =

   33.4650


error =

   33.4694


error =

   33.4765


error =

   33.5345


error =

   33.4849


error =

   33.4865


error =

   33.4694


error =

   33.4694


error =

   33.4694


error =

   33.4694

                                            First-order      Norm of
 Iter F-count            f(x)  Feasibility   optimality         step
    0      13    3.346939e+01    0.000e+00    8.667e+05

error =

   14.3066


error =

   14.3127


error =

   14.3148


error =

   14.3069


error =

   14.3079


error =

   14.3080


error =

   14.3663


error =

   14.3189


error =

   14.3251


error =

   14.3066


error =

   14.3066


error =

   14.3066


error =

   14.3066

    1      26    1.430663e+01    0.000e+00    7.240e+05    8.181e-01

error =

    3.4945


error =

    3.4961


error =

    3.4957


error =

    3.4944


error =

    3.4937


error =

    3.4952


error =

    3.5535


error =

    3.4980


error =

    3.4990


error =

    3.4945


error =

    3.4945


error =

    3.4945


error =

    3.4945

    2      39    3.494477e+00    0.000e+00    1.193e+06    4.989e-02

error =

    1.4884


error =

    1.4908


error =

    1.4897


error =

    1.4883


error =

    1.4890


error =

    1.4886


error =

    1.5180


error =

    1.4926


error =

    1.4961


error =

    1.4884


error =

    1.4884


error =

    1.4884


error =

    1.4884

    3      52    1.488406e+00    0.000e+00    8.669e+05    7.797e-02

error =

    1.0109


error =

    1.0108


error =

    1.0117


error =

    1.0109


error =

    1.0114


error =

    1.0114


error =

    1.0302


error =

    1.0130


error =

    1.0145


error =

    1.0109


error =

    1.0109


error =

    1.0109


error =

    1.0109

    4      65    1.010937e+00    0.000e+00    8.233e+05    3.515e-02

error =

    0.6832


error =

    0.7663


error =

    0.7667


error =

    0.7668


error =

    0.7662


error =

    0.7664


error =

    0.7670


error =

    0.7777


error =

    0.7673


error =

    0.7682


error =

    0.7663


error =

    0.7663


error =

    0.7663


error =

    0.7663

    5      79    7.662597e-01    0.000e+00    1.036e+06    1.278e-01

error =

    0.6813


error =

    0.6825


error =

    0.6816


error =

    0.6813


error =

    0.6800


error =

    0.6820


error =

    0.6831


error =

    0.6816


error =

    0.6819


error =

    0.6813


error =

    0.6813


error =

    0.6813


error =

    0.6813

    6      92    6.813411e-01    0.000e+00    6.802e+05    9.455e-02

error =

    1.0986


error =

    1.0998


error =

    1.1000


error =

    1.0985


error =

    1.0995


error =

    1.1004


error =

    1.1081


error =

    1.0994


error =

    1.1006


error =

    1.0986


error =

    1.0986


error =

    1.0986


error =

    1.0986

    7     105    1.098640e+00    0.000e+00    7.690e+04    2.449e-01

error =

    1.8455


error =

    1.4682


error =

    1.2724


error =

    1.1821


error =

    1.4662


error =

    0.9437


error =

    0.9446


error =

    0.9449


error =

    0.9436


error =

    0.9445


error =

    0.9453


error =

    0.9512


error =

    0.9443


error =

    0.9452


error =

    0.9437


error =

    0.9437


error =

    0.9437


error =

    0.9437

    8     123    9.437448e-01    0.000e+00    9.367e+03    2.202e-01

error =

    1.2080


error =

    0.5178


error =

    0.5183


error =

    0.5184


error =

    0.5178


error =

    0.5177


error =

    0.5186


error =

    0.5206


error =

    0.5180


error =

    0.5184


error =

    0.5178


error =

    0.5178


error =

    0.5178


error =

    0.5178

    9     137    5.178427e-01    0.000e+00    2.450e+05    1.060e-01

error =

    0.4383


error =

    0.4387


error =

    0.4387


error =

    0.4383


error =

    0.4383


error =

    0.4387


error =

    0.4399


error =

    0.4384


error =

    0.4388


error =

    0.4383


error =

    0.4383


error =

    0.4383


error =

    0.4383

   10     150    4.382801e-01    0.000e+00    3.297e+04    6.034e-02

error =

    0.3369


error =

    0.3372


error =

    0.3372


error =

    0.3369


error =

    0.3369


error =

    0.3363


error =

    0.3374


error =

    0.3369


error =

    0.3374


error =

    0.3369


error =

    0.3369


error =

    0.3369


error =

    0.3369

   11     163    3.368949e-01    0.000e+00    8.554e+04    1.417e-01

error =

    0.6044


error =

    0.3712


error =

    0.3331


error =

    0.3333


error =

    0.3333


error =

    0.3331


error =

    0.3328


error =

    0.3323


error =

    0.3332


error =

    0.3331


error =

    0.3335


error =

    0.3331


error =

    0.3331


error =

    0.3331


error =

    0.3331

   12     178    3.330647e-01    0.000e+00    9.537e+04    6.839e-02

error =

    0.2853


error =

    0.2856


error =

    0.2856


error =

    0.2853


error =

    0.2854


error =

    0.2850


error =

    0.2864


error =

    0.2852


error =

    0.2860


error =

    0.2853


error =

    0.2853


error =

    0.2853


error =

    0.2853

   13     191    2.852877e-01    0.000e+00    4.001e+04    7.211e-02

error =

    0.3656


error =

    0.3122


error =

    0.2960


error =

    0.2900


error =

    0.4293


error =

    0.3254


error =

    0.3124


error =

    0.2957


error =

    0.2864


error =

    0.2840


error =

    0.2843


error =

    0.2843


error =

    0.2840


error =

    0.2840


error =

    0.2837


error =

    0.2850


error =

    0.2839


error =

    0.2846


error =

    0.2840


error =

    0.2840


error =

    0.2840


error =

    0.2840

   14     213    2.839645e-01    0.000e+00    1.889e+04    1.951e-02

error =

    3.9010


error =

    0.2832


error =

    0.2835


error =

    0.2836


error =

    0.2833


error =

    0.2833


error =

    0.2830


error =

    0.2843


error =

    0.2832


error =

    0.2839


error =

    0.2832


error =

    0.2832


error =

    0.2832


error =

    0.2832

   15     227    2.832434e-01    0.000e+00    1.794e+04    3.506e-05

error =

    3.5304


error =

    0.4950


error =

    0.2987


error =

    0.2737


error =

    0.2739


error =

    0.2740


error =

    0.2736


error =

    0.2736


error =

    0.2738


error =

    0.2749


error =

    0.2735


error =

    0.2743


error =

    0.2737


error =

    0.2737


error =

    0.2737


error =

    0.2737

   16     243    2.736531e-01    0.000e+00    1.301e+04    1.393e-02

error =

    0.3290


error =

    0.2805


error =

    0.2739


error =

    0.2731


error =

    0.2734


error =

    0.2735


error =

    0.2731


error =

    0.2730


error =

    0.2732


error =

    0.2741


error =

    0.2730


error =

    0.2737


error =

    0.2731


error =

    0.2731


error =

    0.2731


error =

    0.2731

   17     259    2.730926e-01    0.000e+00    1.038e+04    2.356e-03

error =

    0.3756


error =

    0.2825


error =

    0.2732


error =

    0.2723


error =

    0.2726


error =

    0.2727


error =

    0.2723


error =

    0.2722


error =

    0.2724


error =

    0.2731


error =

    0.2723


error =

    0.2730


error =

    0.2723


error =

    0.2723


error =

    0.2723


error =

    0.2723

   18     275    2.723293e-01    0.000e+00    1.532e+04    9.799e-03

error =

    0.2790


error =

    0.2719


error =

    0.2722


error =

    0.2723


error =

    0.2719


error =

    0.2719


error =

    0.2720


error =

    0.2731


error =

    0.2718


error =

    0.2726


error =

    0.2719


error =

    0.2719


error =

    0.2719


error =

    0.2719

   19     289    2.719474e-01    0.000e+00    9.772e+03    2.034e-02

error =

    0.3407


error =

    0.2769


error =

    0.2708


error =

    0.2710


error =

    0.2712


error =

    0.2708


error =

    0.2707


error =

    0.2708


error =

    0.2716


error =

    0.2707


error =

    0.2715


error =

    0.2708


error =

    0.2708


error =

    0.2708


error =

    0.2708

   20     304    2.708199e-01    0.000e+00    1.655e+04    1.477e-02

error =

    0.3072


error =

    0.2705


error =

    0.2709


error =

    0.2710


error =

    0.2705


error =

    0.2706


error =

    0.2708


error =

    0.2719


error =

    0.2704


error =

    0.2713


error =

    0.2705


error =

    0.2705


error =

    0.2705


error =

    0.2705

   21     318    2.705078e-01    0.000e+00    2.374e+04    3.469e-02

error =

    0.2804


error =

    0.2713


error =

    0.2694


error =

    0.2698


error =

    0.2699


error =

    0.2694


error =

    0.2696


error =

    0.2696


error =

    0.2709


error =

    0.2693


error =

    0.2703


error =

    0.2694


error =

    0.2694


error =

    0.2694


error =

    0.2694

   22     333    2.694404e-01    0.000e+00    2.845e+04    4.262e-03

error =

    0.2653


error =

    0.2654


error =

    0.2655


error =

    0.2653


error =

    0.2653


error =

    0.2649


error =

    0.2662


error =

    0.2652


error =

    0.2659


error =

    0.2653


error =

    0.2653


error =

    0.2653


error =

    0.2653

   23     346    2.652635e-01    0.000e+00    2.353e+04    3.709e-02

error =

    0.2496


error =

    0.2498


error =

    0.2499


error =

    0.2496


error =

    0.2496


error =

    0.2494


error =

    0.2503


error =

    0.2497


error =

    0.2503


error =

    0.2496


error =

    0.2496


error =

    0.2496


error =

    0.2496

   24     359    2.496347e-01    0.000e+00    1.428e+04    1.284e-03

error =

    0.3190


error =

    0.2493


error =

    0.2496


error =

    0.2496


error =

    0.2493


error =

    0.2492


error =

    0.2490


error =

    0.2494


error =

    0.2494


error =

    0.2499


error =

    0.2493


error =

    0.2493


error =

    0.2493


error =

    0.2493

   25     373    2.493333e-01    0.000e+00    3.477e+04    1.090e-02

error =

    0.5956


error =

    0.2980


error =

    0.2524


error =

    0.2446


error =

    0.2448


error =

    0.2450


error =

    0.2446


error =

    0.2445


error =

    0.2447


error =

    0.2448


error =

    0.2447


error =

    0.2452


error =

    0.2446


error =

    0.2446


error =

    0.2446


error =

    0.2446

   26     389    2.446494e-01    0.000e+00    2.496e+04    1.025e-02

error =

    0.5519


error =

    0.2835


error =

    0.2514


error =

    0.2456


error =

    0.3318


error =

    0.2546


error =

    0.2404


error =

    0.2403


error =

    0.2407


error =

    0.2404


error =

    0.2403


error =

    0.2406


error =

    0.2411


error =

    0.2404


error =

    0.2410


error =

    0.2404


error =

    0.2404


error =

    0.2404


error =

    0.2404

   27     408    2.403943e-01    0.000e+00    4.968e+03    1.779e-02

error =

    1.6817


error =

    0.2711


error =

    0.2402


error =

    0.2403


error =

    0.2407


error =

    0.2402


error =

    0.2403


error =

    0.2405


error =

    0.2416


error =

    0.2401


error =

    0.2411


error =

    0.2402


error =

    0.2402


error =

    0.2402


error =

    0.2402

   28     423    2.402340e-01    0.000e+00    4.895e+04    1.062e-02

error =

    0.2318


error =

    0.2319


error =

    0.2322


error =

    0.2318


error =

    0.2318


error =

    0.2319


error =

    0.2327


error =

    0.2318


error =

    0.2326


error =

    0.2318


error =

    0.2318


error =

    0.2318


error =

    0.2318

   29     436    2.317787e-01    0.000e+00    1.841e+04    4.905e-03

error =

    0.2388


error =

    0.2309


error =

    0.2310


error =

    0.2313


error =

    0.2309


error =

    0.2309


error =

    0.2309


error =

    0.2313


error =

    0.2309


error =

    0.2316


error =

    0.2309


error =

    0.2309


error =

    0.2309


error =

    0.2309

   30     450    2.309403e-01    0.000e+00    1.273e+04    4.836e-03

error =

    0.2293


error =

    0.2294


error =

    0.2297


error =

    0.2293


error =

    0.2293


error =

    0.2294


error =

    0.2297


error =

    0.2293


error =

    0.2300


error =

    0.2293


error =

    0.2293


error =

    0.2293


error =

    0.2293


                                            First-order      Norm of
 Iter F-count            f(x)  Feasibility   optimality         step
   31     463    2.293148e-01    0.000e+00    5.145e+03    4.005e-03

error =

    0.2427


error =

    0.2312


error =

    0.2284


error =

    0.2285


error =

    0.2288


error =

    0.2284


error =

    0.2285


error =

    0.2285


error =

    0.2291


error =

    0.2285


error =

    0.2292


error =

    0.2284


error =

    0.2284


error =

    0.2284


error =

    0.2284

   32     478    2.284432e-01    0.000e+00    1.397e+04    6.166e-04

error =

    0.2349


error =

    0.2304


error =

    0.2291


error =

    0.2287


error =

    0.2287


error =

    0.2290


error =

    0.2287


error =

    0.2287


error =

    0.2287


error =

    0.2294


error =

    0.2287


error =

    0.2294


error =

    0.2287


error =

    0.2287


error =

    0.2287


error =

    0.2287

   33     494    2.286634e-01    0.000e+00    1.809e+04    1.200e-03

error =

    0.2278


error =

    0.2279


error =

    0.2282


error =

    0.2278


error =

    0.2278


error =

    0.2279


error =

    0.2284


error =

    0.2278


error =

    0.2285


error =

    0.2278


error =

    0.2278


error =

    0.2278


error =

    0.2278

   34     507    2.278103e-01    0.000e+00    4.290e+03    2.286e-03

error =

    0.2278


error =

    0.2275


error =

    0.2276


error =

    0.2279


error =

    0.2275


error =

    0.2275


error =

    0.2276


error =

    0.2281


error =

    0.2276


error =

    0.2282


error =

    0.2275


error =

    0.2275


error =

    0.2275


error =

    0.2275

   35     521    2.275312e-01    0.000e+00    4.048e+03    1.800e-04

error =

    0.2339


error =

    0.2283


error =

    0.2274


error =

    0.2274


error =

    0.2277


error =

    0.2274


error =

    0.2274


error =

    0.2274


error =

    0.2278


error =

    0.2274


error =

    0.2280


error =

    0.2274


error =

    0.2274


error =

    0.2274


error =

    0.2274

   36     536    2.273609e-01    0.000e+00    7.931e+03    1.413e-03

error =

    0.2301


error =

    0.2273


error =

    0.2271


error =

    0.2271


error =

    0.2274


error =

    0.2271


error =

    0.2270


error =

    0.2271


error =

    0.2275


error =

    0.2270


error =

    0.2277


error =

    0.2271


error =

    0.2271


error =

    0.2271


error =

    0.2271

   37     551    2.270531e-01    0.000e+00    7.169e+03    4.786e-04

error =

    0.2277


error =

    0.2273


error =

    0.2271


error =

    0.2271


error =

    0.2271


error =

    0.2274


error =

    0.2271


error =

    0.2271


error =

    0.2271


error =

    0.2275


error =

    0.2271


error =

    0.2278


error =

    0.2271


error =

    0.2271


error =

    0.2271


error =

    0.2271

   38     567    2.270818e-01    0.000e+00    7.933e+03    1.945e-04

error =

    0.2272


error =

    0.2272


error =

    0.2275


error =

    0.2272


error =

    0.2272


error =

    0.2271


error =

    0.2275


error =

    0.2272


error =

    0.2278


error =

    0.2272


error =

    0.2272


error =

    0.2272


error =

    0.2272

   39     580    2.271853e-01    0.000e+00    8.495e+03    1.197e-03

error =

    0.3593


error =

    0.2526


error =

    0.2326


error =

    0.2282


error =

    0.2330


error =

    0.2296


error =

    0.2284


error =

    0.2279


error =

    0.2271


error =

    0.2270


error =

    0.2275


error =

    0.2271


error =

    0.2271


error =

    0.2271


error =

    0.2275


error =

    0.2271


error =

    0.2278


error =

    0.2271


error =

    0.2271


error =

    0.2271


error =

    0.2271

   40     601    2.271325e-01    0.000e+00    7.374e+03    3.721e-03

error =

    0.2266


error =

    0.2266


error =

    0.2270


error =

    0.2266


error =

    0.2266


error =

    0.2267


error =

    0.2272


error =

    0.2266


error =

    0.2273


error =

    0.2266


error =

    0.2266


error =

    0.2266


error =

    0.2266

   41     614    2.266109e-01    0.000e+00    1.572e+04    1.461e-03

error =

    0.2265


error =

    0.2265


error =

    0.2268


error =

    0.2265


error =

    0.2265


error =

    0.2265


error =

    0.2267


error =

    0.2264


error =

    0.2271


error =

    0.2265


error =

    0.2265


error =

    0.2265


error =

    0.2265

   42     627    2.264538e-01    0.000e+00    7.536e+03    1.851e-03

error =

    0.2263


error =

    0.2261


error =

    0.2261


error =

    0.2264


error =

    0.2261


error =

    0.2261


error =

    0.2262


error =

    0.2263


error =

    0.2261


error =

    0.2268


error =

    0.2261


error =

    0.2261


error =

    0.2261


error =

    0.2261

   43     641    2.260969e-01    0.000e+00    9.239e+03    1.141e-03

error =

    0.2261


error =

    0.2259


error =

    0.2259


error =

    0.2262


error =

    0.2259


error =

    0.2259


error =

    0.2259


error =

    0.2262


error =

    0.2259


error =

    0.2266


error =

    0.2259


error =

    0.2259


error =

    0.2259


error =

    0.2259

   44     655    2.259077e-01    0.000e+00    4.672e+03    6.428e-04

error =

    0.2262


error =

    0.2260


error =

    0.2259


error =

    0.2259


error =

    0.2259


error =

    0.2260


error =

    0.2261


error =

    0.2261


error =

    0.2261


error =

    0.2260


error =

    0.2260


error =

    0.2259


error =

    0.2259


error =

    0.2259


error =

    0.2259


error =

    0.2259


error =

    0.2259


error =

    0.2259


error =

    0.2259


error =

    0.2259


error =

    0.2259


Local minimum possible. Constraints satisfied.

fmincon stopped because the size of the current step is less than
the value of the step size tolerance and constraints are 
satisfied to within the value of the constraint tolerance.


error =

    0.2259

J=2.259077e-01   Err_inp=1.525157e+03

ans =

    0.0000    0.0000
    0.0000    0.0000
    0.0001    0.0000
    0.0000    0.0000
    0.0000    0.0000
    0.0000    0.0000
    0.0000    0.0000
    0.0000    0.0000
    0.7204    0.2438
    0.0619    0.3077
    0.1649    0.1132
    0.4085    0.1002

