
                            < M A T L A B (R) >
                  Copyright 1984-2021 The MathWorks, Inc.
             R2021b Update 7 (9.11.0.2358333) 64-bit (glnxa64)
                              August 16, 2023

 
To get started, type doc.
For product information, visit www.mathworks.com.
 

error =

   10.0085


error =

   27.6392


error =

   27.6533


error =

   27.6423


error =

   27.6381


error =

   27.6427


error =

   27.6468


error =

   27.6631


error =

   27.6429


error =

   27.6460


error =

   27.6392


error =

   27.6392


error =

   27.6392


error =

   27.6392

                                            First-order      Norm of
 Iter F-count            f(x)  Feasibility   optimality         step
    0      13    2.763923e+01    0.000e+00    5.670e+05

error =

   15.7584


error =

   15.7629


error =

   15.7635


error =

   15.7565


error =

   15.7628


error =

   15.7697


error =

   15.8015


error =

   15.7615


error =

   15.7633


error =

   15.7584


error =

   15.7584


error =

   15.7584


error =

   15.7584

    1      26    1.575844e+01    0.000e+00    1.333e+06    1.122e+00

error =

    2.9648


error =

    2.9654


error =

    2.9664


error =

    2.9647


error =

    2.9622


error =

    2.9696


error =

    2.9854


error =

    2.9652


error =

    2.9653


error =

    2.9648


error =

    2.9648


error =

    2.9648


error =

    2.9648

    2      39    2.964796e+00    0.000e+00    3.408e+05    6.454e-02

error =

    0.9529


error =

    0.9534


error =

    0.9538


error =

    0.9528


error =

    0.9521


error =

    0.9540


error =

    0.9591


error =

    0.9533


error =

    0.9539


error =

    0.9529


error =

    0.9529


error =

    0.9529


error =

    0.9529

    3      52    9.528690e-01    0.000e+00    6.322e+05    5.946e-02

error =

    1.5213


error =

    1.5227


error =

    1.5237


error =

    1.5212


error =

    1.5222


error =

    1.5227


error =

    1.5353


error =

    1.5229


error =

    1.5249


error =

    1.5213


error =

    1.5213


error =

    1.5213


error =

    1.5213

    4      65    1.521317e+00    0.000e+00    3.421e+05    5.969e-02

error =

    0.8980


error =

    0.8992


error =

    0.8996


error =

    0.8980


error =

    0.8986


error =

    0.9028


error =

    0.8996


error =

    0.8982


error =

    0.8990


error =

    0.8980


error =

    0.8980


error =

    0.8980


error =

    0.8980

    5      78    8.979939e-01    0.000e+00    6.685e+05    1.923e-02

error =

    1.0716


error =

    0.8876


error =

    0.8888


error =

    0.8893


error =

    0.8876


error =

    0.8882


error =

    0.8929


error =

    0.8901


error =

    0.8880


error =

    0.8888


error =

    0.8876


error =

    0.8876


error =

    0.8876


error =

    0.8876

    6      92    8.876193e-01    0.000e+00    2.209e+05    1.019e-01

error =

    0.5082


error =

    0.5082


error =

    0.5092


error =

    0.5081


error =

    0.5083


error =

    0.5120


error =

    0.5093


error =

    0.5084


error =

    0.5089


error =

    0.5082


error =

    0.5082


error =

    0.5082


error =

    0.5082

    7     105    5.081690e-01    0.000e+00    8.196e+04    3.213e-01

error =

    0.4969


error =

    0.4972


error =

    0.4978


error =

    0.4969


error =

    0.4970


error =

    0.5001


error =

    0.4982


error =

    0.4971


error =

    0.4975


error =

    0.4969


error =

    0.4969


error =

    0.4969


error =

    0.4969

    8     118    4.969465e-01    0.000e+00    7.685e+04    5.432e-02

error =

    0.3932


error =

    0.3935


error =

    0.3939


error =

    0.3932


error =

    0.3933


error =

    0.3942


error =

    0.3945


error =

    0.3934


error =

    0.3940


error =

    0.3932


error =

    0.3932


error =

    0.3932


error =

    0.3932

    9     131    3.932433e-01    0.000e+00    2.033e+05    1.458e-01

error =

    0.5353


error =

    0.4480


error =

    0.4485


error =

    0.4488


error =

    0.4480


error =

    0.4481


error =

    0.4498


error =

    0.4496


error =

    0.4482


error =

    0.4487


error =

    0.4480


error =

    0.4480


error =

    0.4480


error =

    0.4480

   10     145    4.480184e-01    0.000e+00    8.063e+04    5.859e-02

error =

    0.4992


error =

    0.4668


error =

    0.4672


error =

    0.4676


error =

    0.4667


error =

    0.4669


error =

    0.4691


error =

    0.4687


error =

    0.4670


error =

    0.4675


error =

    0.4668


error =

    0.4668


error =

    0.4668


error =

    0.4668

   11     159    4.667764e-01    0.000e+00    1.685e+04    1.102e-02

error =

    0.4412


error =

    0.4416


error =

    0.4421


error =

    0.4412


error =

    0.4414


error =

    0.4432


error =

    0.4431


error =

    0.4415


error =

    0.4421


error =

    0.4412


error =

    0.4412


error =

    0.4412


error =

    0.4412

   12     172    4.412124e-01    0.000e+00    1.951e+04    1.170e-01

error =

    0.5017


error =

    0.4528


error =

    0.4430


error =

    0.4432


error =

    0.4438


error =

    0.4430


error =

    0.4432


error =

    0.4450


error =

    0.4449


error =

    0.4433


error =

    0.4439


error =

    0.4430


error =

    0.4430


error =

    0.4430


error =

    0.4430

   13     187    4.430026e-01    0.000e+00    1.599e+04    6.602e-02

error =

    0.5854


error =

    0.4990


error =

    0.4673


error =

    0.4677


error =

    0.4683


error =

    0.4673


error =

    0.4675


error =

    0.4695


error =

    0.4695


error =

    0.4676


error =

    0.4683


error =

    0.4673


error =

    0.4673


error =

    0.4673


error =

    0.4673

   14     202    4.673218e-01    0.000e+00    3.220e+04    5.413e-02

error =

    0.4532


error =

    0.4580


error =

    0.4620


error =

    0.4624


error =

    0.4629


error =

    0.4620


error =

    0.4622


error =

    0.4642


error =

    0.4641


error =

    0.4623


error =

    0.4630


error =

    0.4620


error =

    0.4620


error =

    0.4620


error =

    0.4620

   15     217    4.620136e-01    0.000e+00    2.964e+04    3.845e-02

error =

    0.4439


error =

    0.4443


error =

    0.4447


error =

    0.4438


error =

    0.4440


error =

    0.4457


error =

    0.4462


error =

    0.4442


error =

    0.4447


error =

    0.4439


error =

    0.4439


error =

    0.4439


error =

    0.4439

   16     230    4.438782e-01    0.000e+00    1.884e+04    8.332e-02

error =

    0.4329


error =

    0.4225


error =

    0.4292


error =

    0.4355


error =

    0.4359


error =

    0.4363


error =

    0.4355


error =

    0.4356


error =

    0.4373


error =

    0.4379


error =

    0.4358


error =

    0.4363


error =

    0.4355


error =

    0.4355


error =

    0.4355


error =

    0.4355

   17     246    4.355231e-01    0.000e+00    1.270e+04    2.288e-02

error =

    0.3963


error =

    0.3809


error =

    0.3808


error =

    0.3815


error =

    0.3809


error =

    0.3811


error =

    0.3819


error =

    0.3829


error =

    0.3811


error =

    0.3819


error =

    0.3809


error =

    0.3809


error =

    0.3809


error =

    0.3809

   18     260    3.808941e-01    0.000e+00    3.609e+04    1.773e-02

error =

    0.9254


error =

    0.3505


error =

    0.3369


error =

    0.3366


error =

    0.3373


error =

    0.3369


error =

    0.3369


error =

    0.3373


error =

    0.3381


error =

    0.3370


error =

    0.3376


error =

    0.3369


error =

    0.3369


error =

    0.3369


error =

    0.3369

   19     275    3.368818e-01    0.000e+00    7.049e+04    2.343e-02

error =

    0.3477


error =

    0.3262


error =

    0.3264


error =

    0.3266


error =

    0.3262


error =

    0.3260


error =

    0.3263


error =

    0.3270


error =

    0.3263


error =

    0.3268


error =

    0.3262


error =

    0.3262


error =

    0.3262


error =

    0.3262

   20     289    3.261710e-01    0.000e+00    8.023e+04    1.813e-02

error =

    0.6780


error =

    0.3434


error =

    0.3149


error =

    0.3146


error =

    0.3153


error =

    0.3149


error =

    0.3149


error =

    0.3149


error =

    0.3158


error =

    0.3150


error =

    0.3156


error =

    0.3149


error =

    0.3149


error =

    0.3149


error =

    0.3149

   21     304    3.149244e-01    0.000e+00    6.932e+04    2.812e-02

error =

    1.1266


error =

    0.5041


error =

    0.3695


error =

    0.3299


error =

    0.3570


error =

    0.3239


error =

    0.3171


error =

    0.3168


error =

    0.3175


error =

    0.3171


error =

    0.3171


error =

    0.3171


error =

    0.3181


error =

    0.3172


error =

    0.3178


error =

    0.3171


error =

    0.3171


error =

    0.3171


error =

    0.3171

   22     323    3.170512e-01    0.000e+00    1.375e+04    3.304e-02

error =

    1.1820


error =

    0.3164


error =

    0.3159


error =

    0.3158


error =

    0.3163


error =

    0.3159


error =

    0.3159


error =

    0.3159


error =

    0.3169


error =

    0.3160


error =

    0.3166


error =

    0.3159


error =

    0.3159


error =

    0.3159


error =

    0.3159

   23     338    3.159199e-01    0.000e+00    7.869e+03    3.582e-03

error =

    3.0224


error =

    0.5119


error =

    0.3559


error =

    0.3234


error =

    0.3234


error =

    0.3240


error =

    0.3234


error =

    0.3235


error =

    0.3240


error =

    0.3248


error =

    0.3236


error =

    0.3243


error =

    0.3234


error =

    0.3234


error =

    0.3234


error =

    0.3234

   24     354    3.233915e-01    0.000e+00    3.079e+04    3.751e-03

error =

    0.4536


error =

    0.3638


error =

    0.3366


error =

    0.3281


error =

    0.3697


error =

    0.3339


error =

    0.3233


error =

    0.3235


error =

    0.3239


error =

    0.3233


error =

    0.3234


error =

    0.3239


error =

    0.3248


error =

    0.3235


error =

    0.3242


error =

    0.3233


error =

    0.3233


error =

    0.3233


error =

    0.3233

   25     373    3.233108e-01    0.000e+00    7.102e-02    1.547e-02

Local minimum found that satisfies the constraints.

Optimization completed because the objective function is non-decreasing in 
feasible directions, to within the value of the optimality tolerance,
and constraints are satisfied to within the value of the constraint tolerance.


error =

    0.3233

J=3.233108e-01   Err_inp=1.046649e+03

ans =

    0.0000    0.0000
    0.0000    0.0000
    0.0001    0.0000
    0.0000    0.0000
    0.0000    0.0000
    0.0000    0.0000
    0.0000    0.0000
    0.0000    0.0000
    0.3485    0.2438
    0.1326    0.3077
    0.2956    0.1132
    0.2749    0.1002

