
                            < M A T L A B (R) >
                  Copyright 1984-2021 The MathWorks, Inc.
             R2021b Update 7 (9.11.0.2358333) 64-bit (glnxa64)
                              August 16, 2023

 
To get started, type doc.
For product information, visit www.mathworks.com.
 

error =

   10.0085


error =

   61.2587


error =

   61.2635


error =

   61.2615


error =

   61.2559


error =

   61.2628


error =

   61.2753


error =

   61.2860


error =

   61.2596


error =

   61.2601


error =

   61.2586


error =

   61.2587


error =

   61.2586


error =

   61.2587

                                            First-order      Norm of
 Iter F-count            f(x)  Feasibility   optimality         step
    0      13    6.125867e+01    0.000e+00    1.314e+06

error =

   35.5166


error =

   35.5232


error =

   35.5185


error =

   35.5155


error =

   35.5217


error =

   35.5299


error =

   35.5374


error =

   35.5177


error =

   35.5180


error =

   35.5166


error =

   35.5166


error =

   35.5166


error =

   35.5166

    1      26    3.551664e+01    0.000e+00    8.768e+05    1.143e+00

error =

   28.4737


error =

   28.4825


error =

   28.4752


error =

   28.4725


error =

   28.4781


error =

   28.4881


error =

   28.4955


error =

   28.4748


error =

   28.4749


error =

   28.4737


error =

   28.4737


error =

   28.4737


error =

   28.4737

    2      39    2.847372e+01    0.000e+00    8.627e+05    9.262e-03

error =

   12.1919


error =

   12.2262


error =

   12.1923


error =

   12.1913


error =

   12.1927


error =

   12.2098


error =

   12.2150


error =

   12.1963


error =

   12.1949


error =

   12.1919


error =

   12.1919


error =

   12.1919


error =

   12.1919

    3      52    1.219186e+01    0.000e+00    2.167e+06    1.545e-02

error =

    4.0855


error =

    4.0717


error =

    4.0872


error =

    4.0855


error =

    4.0855


error =

    4.0961


error =

    4.0977


error =

    4.0885


error =

    4.0871


error =

    4.0855


error =

    4.0855


error =

    4.0855


error =

    4.0855

    4      65    4.085453e+00    0.000e+00    1.063e+06    1.172e-02

error =

    1.1989


error =

    1.2025


error =

    1.1994


error =

    1.1988


error =

    1.1993


error =

    1.2040


error =

    1.2003


error =

    1.1992


error =

    1.2003


error =

    1.1989


error =

    1.1989


error =

    1.1989


error =

    1.1989

    5      78    1.198918e+00    0.000e+00    6.581e+05    5.928e-03

error =

    1.0232


error =

    1.0555


error =

    1.0558


error =

    1.0558


error =

    1.0554


error =

    1.0557


error =

    1.0586


error =

    1.0567


error =

    1.0557


error =

    1.0567


error =

    1.0555


error =

    1.0555


error =

    1.0555


error =

    1.0555

    6      92    1.055496e+00    0.000e+00    3.880e+05    6.499e-04

error =

    0.7577


error =

    0.7573


error =

    0.7582


error =

    0.7577


error =

    0.7579


error =

    0.7605


error =

    0.7588


error =

    0.7579


error =

    0.7587


error =

    0.7577


error =

    0.7577


error =

    0.7577


error =

    0.7577

    7     105    7.576713e-01    0.000e+00    2.065e+05    1.194e-02

error =

    0.3413


error =

    0.3403


error =

    0.3416


error =

    0.3414


error =

    0.3413


error =

    0.3410


error =

    0.3420


error =

    0.3414


error =

    0.3418


error =

    0.3413


error =

    0.3413


error =

    0.3413


error =

    0.3413

    8     118    3.413422e-01    0.000e+00    2.361e+05    9.530e-02

error =

    0.4115


error =

    0.4120


error =

    0.4121


error =

    0.4115


error =

    0.4114


error =

    0.4128


error =

    0.4125


error =

    0.4116


error =

    0.4119


error =

    0.4115


error =

    0.4115


error =

    0.4115


error =

    0.4115

    9     131    4.115141e-01    0.000e+00    1.019e+05    2.349e-01

error =

    0.5819


error =

    0.5825


error =

    0.5829


error =

    0.5818


error =

    0.5822


error =

    0.5858


error =

    0.5834


error =

    0.5821


error =

    0.5826


error =

    0.5819


error =

    0.5819


error =

    0.5819


error =

    0.5819

   10     144    5.818652e-01    0.000e+00    8.119e+04    1.059e-01

error =

    0.3534


error =

    0.3535


error =

    0.3539


error =

    0.3534


error =

    0.3535


error =

    0.3545


error =

    0.3544


error =

    0.3535


error =

    0.3540


error =

    0.3534


error =

    0.3534


error =

    0.3534


error =

    0.3534

   11     157    3.533616e-01    0.000e+00    7.606e+04    4.716e-02

error =

    0.3940


error =

    0.3943


error =

    0.3946


error =

    0.3940


error =

    0.3940


error =

    0.3957


error =

    0.3952


error =

    0.3942


error =

    0.3945


error =

    0.3940


error =

    0.3940


error =

    0.3940


error =

    0.3940

   12     170    3.940130e-01    0.000e+00    3.854e+04    4.699e-02

error =

    0.5223


error =

    0.4458


error =

    0.4463


error =

    0.4466


error =

    0.4458


error =

    0.4458


error =

    0.4482


error =

    0.4473


error =

    0.4460


error =

    0.4463


error =

    0.4458


error =

    0.4458


error =

    0.4458


error =

    0.4458

   13     184    4.458146e-01    0.000e+00    1.784e+04    6.605e-02

error =

    0.6461


error =

    0.4769


error =

    0.4574


error =

    0.4508


error =

    0.4513


error =

    0.4516


error =

    0.4508


error =

    0.4509


error =

    0.4533


error =

    0.4524


error =

    0.4510


error =

    0.4514


error =

    0.4508


error =

    0.4508


error =

    0.4508


error =

    0.4508

   14     200    4.508461e-01    0.000e+00    2.180e+04    3.797e-02

error =

    0.3797


error =

    0.4038


error =

    0.4042


error =

    0.4045


error =

    0.4038


error =

    0.4039


error =

    0.4056


error =

    0.4052


error =

    0.4040


error =

    0.4044


error =

    0.4038


error =

    0.4038


error =

    0.4038


error =

    0.4038

   15     214    4.038397e-01    0.000e+00    2.706e+04    1.037e-02

error =

    0.4596


error =

    0.4046


error =

    0.4008


error =

    0.4011


error =

    0.4015


error =

    0.4008


error =

    0.4009


error =

    0.4026


error =

    0.4022


error =

    0.4010


error =

    0.4014


error =

    0.4008


error =

    0.4008


error =

    0.4008


error =

    0.4008

   16     229    4.008017e-01    0.000e+00    2.220e+04    4.011e-02

error =

    0.4122


error =

    0.4032


error =

    0.4034


error =

    0.4038


error =

    0.4031


error =

    0.4032


error =

    0.4050


error =

    0.4046


error =

    0.4033


error =

    0.4037


error =

    0.4032


error =

    0.4032


error =

    0.4032


error =

    0.4032

   17     243    4.031645e-01    0.000e+00    1.607e+04    1.428e-02

error =

    0.4289


error =

    0.4152


error =

    0.4156


error =

    0.4159


error =

    0.4152


error =

    0.4153


error =

    0.4173


error =

    0.4168


error =

    0.4154


error =

    0.4158


error =

    0.4152


error =

    0.4152


error =

    0.4152


error =

    0.4152

   18     257    4.152457e-01    0.000e+00    1.438e+04    5.084e-03

error =

    0.5206


error =

    0.4547


error =

    0.4305


error =

    0.4215


error =

    0.4219


error =

    0.4223


error =

    0.4215


error =

    0.4217


error =

    0.4236


error =

    0.4231


error =

    0.4217


error =

    0.4222


error =

    0.4215


error =

    0.4215


error =

    0.4215


error =

    0.4215

   19     273    4.215359e-01    0.000e+00    1.373e+04    7.738e-03

error =

    0.3892


error =

    0.4023


error =

    0.4111


error =

    0.4161


error =

    0.4164


error =

    0.4168


error =

    0.4161


error =

    0.4163


error =

    0.4181


error =

    0.4177


error =

    0.4163


error =

    0.4168


error =

    0.4161


error =

    0.4161


error =

    0.4161


error =

    0.4161

   20     289    4.161202e-01    0.000e+00    1.480e+04    5.891e-03

error =

    0.4581


error =

    0.4329


error =

    0.4232


error =

    0.4193


error =

    0.4203


error =

    0.4173


error =

    0.4159


error =

    0.4160


error =

    0.4161


error =

    0.4164


error =

    0.4168


error =

    0.4160


error =

    0.4162


error =

    0.4181


error =

    0.4176


error =

    0.4163


error =

    0.4167


error =

    0.4161


error =

    0.4161


error =

    0.4161


error =

    0.4161

   21     310    4.160610e-01    0.000e+00    1.401e+00    1.083e-03

Local minimum found that satisfies the constraints.

Optimization completed because the objective function is non-decreasing in 
feasible directions, to within the value of the optimality tolerance,
and constraints are satisfied to within the value of the constraint tolerance.


error =

    0.4161

J=4.160610e-01   Err_inp=1.893459e+03

ans =

    0.0000    0.0000
    0.0000    0.0000
    0.0000    0.0000
    0.0000    0.0000
    0.0000    0.0000
    0.0000    0.0000
    0.0000    0.0000
    0.0000    0.0000
    1.0451    0.2438
    1.3621    0.3077
    0.4715    0.1132
    0.3143    0.1002

