
                            < M A T L A B (R) >
                  Copyright 1984-2021 The MathWorks, Inc.
             R2021b Update 7 (9.11.0.2358333) 64-bit (glnxa64)
                              August 16, 2023

 
To get started, type doc.
For product information, visit www.mathworks.com.
 

error =

   10.0085


error =

   12.9281


error =

   12.9706


error =

   12.9290


error =

   12.9269


error =

   12.9290


error =

   12.9560


error =

   12.9398


error =

   12.9306


error =

   12.9302


error =

   12.9281


error =

   12.9281


error =

   12.9281


error =

   12.9281

                                            First-order      Norm of
 Iter F-count            f(x)  Feasibility   optimality         step
    0      13    1.292811e+01    0.000e+00    2.728e+05

error =

    1.7739


error =

    1.7713


error =

    1.7747


error =

    1.7739


error =

    1.7742


error =

    1.7846


error =

    1.7774


error =

    1.7748


error =

    1.7748


error =

    1.7739


error =

    1.7739


error =

    1.7739


error =

    1.7739

    1      26    1.773929e+00    0.000e+00    1.274e+06    2.982e-01

error =

    1.0612


error =

    1.0542


error =

    1.0618


error =

    1.0612


error =

    1.0613


error =

    1.0673


error =

    1.0632


error =

    1.0616


error =

    1.0615


error =

    1.0612


error =

    1.0612


error =

    1.0612


error =

    1.0612

    2      39    1.061159e+00    0.000e+00    4.742e+05    1.873e-02

error =

    1.1426


error =

    1.0055


error =

    0.9990


error =

    1.0061


error =

    1.0055


error =

    1.0057


error =

    1.0115


error =

    1.0076


error =

    1.0059


error =

    1.0058


error =

    1.0055


error =

    1.0055


error =

    1.0055


error =

    1.0055

    3      53    1.005506e+00    0.000e+00    4.380e+05    1.347e-01

error =

    0.5466


error =

    0.5472


error =

    0.5467


error =

    0.5466


error =

    0.5452


error =

    0.5447


error =

    0.5466


error =

    0.5466


error =

    0.5467


error =

    0.5466


error =

    0.5466


error =

    0.5466


error =

    0.5466

    4      66    5.465627e-01    0.000e+00    8.814e+05    2.308e-01

error =

    0.5193


error =

    0.5202


error =

    0.5200


error =

    0.5194


error =

    0.5198


error =

    0.5194


error =

    0.5208


error =

    0.5194


error =

    0.5203


error =

    0.5193


error =

    0.5193


error =

    0.5193


error =

    0.5193

    5      79    5.193490e-01    0.000e+00    5.809e+05    1.252e-01

error =

    0.3754


error =

    0.3759


error =

    0.3758


error =

    0.3754


error =

    0.3756


error =

    0.3749


error =

    0.3765


error =

    0.3754


error =

    0.3763


error =

    0.3754


error =

    0.3754


error =

    0.3754


error =

    0.3754

    6      92    3.753718e-01    0.000e+00    2.400e+05    1.335e-01

error =

    3.8860


error =

    0.3770


error =

    0.3512


error =

    0.3518


error =

    0.3518


error =

    0.3512


error =

    0.3514


error =

    0.3512


error =

    0.3520


error =

    0.3512


error =

    0.3522


error =

    0.3512


error =

    0.3512


error =

    0.3512


error =

    0.3512

    7     107    3.512172e-01    0.000e+00    2.070e+05    1.353e-02

error =

    0.9277


error =

    0.3520


error =

    0.3242


error =

    0.3246


error =

    0.3246


error =

    0.3242


error =

    0.3242


error =

    0.3236


error =

    0.3248


error =

    0.3243


error =

    0.3250


error =

    0.3242


error =

    0.3242


error =

    0.3242


error =

    0.3242

    8     122    3.242376e-01    0.000e+00    2.423e+05    9.757e-03

error =

    0.7734


error =

    0.3323


error =

    0.3151


error =

    0.3154


error =

    0.3155


error =

    0.3150


error =

    0.3150


error =

    0.3148


error =

    0.3153


error =

    0.3150


error =

    0.3158


error =

    0.3151


error =

    0.3151


error =

    0.3151


error =

    0.3151

    9     137    3.150584e-01    0.000e+00    1.680e+05    1.408e-02

error =

    0.3039


error =

    0.3042


error =

    0.3042


error =

    0.3039


error =

    0.3038


error =

    0.3037


error =

    0.3038


error =

    0.3038


error =

    0.3046


error =

    0.3039


error =

    0.3039


error =

    0.3039


error =

    0.3039

   10     150    3.039171e-01    0.000e+00    4.492e+04    3.956e-02

error =

    0.4629


error =

    0.3221


error =

    0.2998


error =

    0.2998


error =

    0.3001


error =

    0.2998


error =

    0.2997


error =

    0.2997


error =

    0.2998


error =

    0.2998


error =

    0.3004


error =

    0.2998


error =

    0.2998


error =

    0.2998


error =

    0.2998

   11     165    2.998366e-01    0.000e+00    3.597e+04    9.404e-03

error =

    0.3542


error =

    0.3168


error =

    0.3014


error =

    0.2976


error =

    0.2977


error =

    0.2979


error =

    0.2976


error =

    0.2975


error =

    0.2978


error =

    0.2980


error =

    0.2976


error =

    0.2982


error =

    0.2976


error =

    0.2976


error =

    0.2976


error =

    0.2976

   12     181    2.976156e-01    0.000e+00    1.056e+04    7.851e-03

error =

    0.3996


error =

    0.3058


error =

    0.2889


error =

    0.2892


error =

    0.2893


error =

    0.2889


error =

    0.2890


error =

    0.2890


error =

    0.2895


error =

    0.2889


error =

    0.2897


error =

    0.2889


error =

    0.2889


error =

    0.2889


error =

    0.2889

   13     196    2.889395e-01    0.000e+00    1.823e+04    1.685e-02

error =

    0.3606


error =

    0.3022


error =

    0.2895


error =

    0.2876


error =

    0.2878


error =

    0.2880


error =

    0.2876


error =

    0.2876


error =

    0.2875


error =

    0.2882


error =

    0.2876


error =

    0.2884


error =

    0.2876


error =

    0.2876


error =

    0.2876


error =

    0.2876

   14     212    2.875749e-01    0.000e+00    1.511e+04    1.147e-02

error =

    0.6439


error =

    0.3093


error =

    0.2842


error =

    0.2840


error =

    0.2845


error =

    0.2842


error =

    0.2842


error =

    0.2840


error =

    0.2845


error =

    0.2841


error =

    0.2849


error =

    0.2842


error =

    0.2842


error =

    0.2842


error =

    0.2842

   15     227    2.841793e-01    0.000e+00    1.420e+04    6.190e-03

error =

    0.2862


error =

    0.2759


error =

    0.2761


error =

    0.2762


error =

    0.2759


error =

    0.2759


error =

    0.2756


error =

    0.2764


error =

    0.2759


error =

    0.2766


error =

    0.2759


error =

    0.2759


error =

    0.2759


error =

    0.2759

   16     241    2.759084e-01    0.000e+00    2.222e+04    5.719e-02

error =

    0.2801


error =

    0.2706


error =

    0.2707


error =

    0.2709


error =

    0.2706


error =

    0.2705


error =

    0.2706


error =

    0.2710


error =

    0.2706


error =

    0.2712


error =

    0.2706


error =

    0.2706


error =

    0.2706


error =

    0.2706

   17     255    2.705771e-01    0.000e+00    1.005e+04    3.685e-02

error =

    0.3534


error =

    0.2879


error =

    0.2751


error =

    0.2720


error =

    0.3818


error =

    0.3083


error =

    0.2737


error =

    0.2651


error =

    0.2653


error =

    0.2655


error =

    0.2651


error =

    0.2651


error =

    0.2652


error =

    0.2656


error =

    0.2652


error =

    0.2658


error =

    0.2651


error =

    0.2651


error =

    0.2651


error =

    0.2651

   18     275    2.651499e-01    0.000e+00    3.560e+03    3.439e-02

error =

    6.7012


error =

    0.4116


error =

    0.2996


error =

    0.2713


error =

    0.3218


error =

    0.2693


error =

    0.2606


error =

    0.2605


error =

    0.2610


error =

    0.2606


error =

    0.2607


error =

    0.2607


error =

    0.2614


error =

    0.2606


error =

    0.2614


error =

    0.2606


error =

    0.2606


error =

    0.2606


error =

    0.2606

   19     294    2.606095e-01    0.000e+00    9.936e+03    5.155e-02

error =

    0.3079


error =

    0.2658


error =

    0.2588


error =

    0.2584


error =

    0.2591


error =

    0.2588


error =

    0.2588


error =

    0.2589


error =

    0.2592


error =

    0.2588


error =

    0.2594


error =

    0.2588


error =

    0.2588


error =

    0.2588


error =

    0.2588

   20     309    2.587914e-01    0.000e+00    2.345e+04    5.690e-02

error =

    1.0432


error =

    0.3460


error =

    0.2681


error =

    0.2559


error =

    0.2559


error =

    0.2562


error =

    0.2559


error =

    0.2559


error =

    0.2561


error =

    0.2559


error =

    0.2559


error =

    0.2565


error =

    0.2559


error =

    0.2559


error =

    0.2559


error =

    0.2559

   21     325    2.559362e-01    0.000e+00    5.390e+04    2.684e-02

error =

    0.3181


error =

    0.2630


error =

    0.2531


error =

    0.2531


error =

    0.2534


error =

    0.2531


error =

    0.2531


error =

    0.2529


error =

    0.2532


error =

    0.2531


error =

    0.2537


error =

    0.2531


error =

    0.2531


error =

    0.2531


error =

    0.2531

   22     340    2.531285e-01    0.000e+00    4.340e+04    3.010e-02

error =

    0.2632


error =

    0.2552


error =

    0.2531


error =

    0.2528


error =

    0.2528


error =

    0.2531


error =

    0.2528


error =

    0.2528


error =

    0.2526


error =

    0.2530


error =

    0.2528


error =

    0.2534


error =

    0.2528


error =

    0.2528


error =

    0.2528


error =

    0.2528

   23     356    2.528190e-01    0.000e+00    3.381e+04    7.878e-03

error =

    0.2783


error =

    0.2564


error =

    0.2523


error =

    0.2524


error =

    0.2526


error =

    0.2523


error =

    0.2523


error =

    0.2522


error =

    0.2529


error =

    0.2523


error =

    0.2530


error =

    0.2523


error =

    0.2523


error =

    0.2523


error =

    0.2523

   24     371    2.522593e-01    0.000e+00    1.103e+04    1.002e-02

error =

    0.5659


error =

    0.3398


error =

    0.2777


error =

    0.2601


error =

    0.3047


error =

    0.2691


error =

    0.2559


error =

    0.2528


error =

    0.2521


error =

    0.2522


error =

    0.2524


error =

    0.2521


error =

    0.2521


error =

    0.2520


error =

    0.2528


error =

    0.2521


error =

    0.2528


error =

    0.2521


error =

    0.2521


error =

    0.2521


error =

    0.2521

   25     392    2.520822e-01    0.000e+00    4.868e+03    9.817e-03

error =

    0.3988


error =

    0.2513


error =

    0.2513


error =

    0.2516


error =

    0.2513


error =

    0.2513


error =

    0.2512


error =

    0.2519


error =

    0.2513


error =

    0.2520


error =

    0.2513


error =

    0.2513


error =

    0.2513


error =

    0.2513

   26     406    2.512656e-01    0.000e+00    4.525e+03    4.013e-03

error =

    0.3847


error =

    0.2715


error =

    0.2526


error =

    0.2499


error =

    0.2498


error =

    0.2502


error =

    0.2499


error =

    0.2499


error =

    0.2498


error =

    0.2504


error =

    0.2499


error =

    0.2505


error =

    0.2499


error =

    0.2499


error =

    0.2499


error =

    0.2499

   27     422    2.498805e-01    0.000e+00    1.479e+04    1.911e-02

error =

    4.4122


error =

    0.3396


error =

    0.2570


error =

    0.2491


error =

    0.2491


error =

    0.2494


error =

    0.2491


error =

    0.2491


error =

    0.2492


error =

    0.2494


error =

    0.2491


error =

    0.2498


error =

    0.2491


error =

    0.2491


error =

    0.2491


error =

    0.2491

   28     438    2.491122e-01    0.000e+00    3.026e+04    1.838e-02

error =

    0.2830


error =

    0.2605


error =

    0.2530


error =

    0.2505


error =

    0.2773


error =

    0.2574


error =

    0.2519


error =

    0.2496


error =

    0.2489


error =

    0.2490


error =

    0.2493


error =

    0.2489


error =

    0.2489


error =

    0.2490


error =

    0.2492


error =

    0.2489


error =

    0.2496


error =

    0.2489


error =

    0.2489


error =

    0.2489


error =

    0.2489

   29     459    2.489396e-01    0.000e+00    1.425e+03    1.044e-02

error =

    0.2879


error =

    0.2485


error =

    0.2485


error =

    0.2488


error =

    0.2485


error =

    0.2484


error =

    0.2485


error =

    0.2487


error =

    0.2484


error =

    0.2491


error =

    0.2485


error =

    0.2485


error =

    0.2485


error =

    0.2485

   30     473    2.484705e-01    0.000e+00    2.410e+03    2.601e-03

error =

    0.2470


error =

    0.2470


error =

    0.2473


error =

    0.2470


error =

    0.2470


error =

    0.2471


error =

    0.2476


error =

    0.2470


error =

    0.2477


error =

    0.2470


error =

    0.2470


error =

    0.2470


error =

    0.2470


                                            First-order      Norm of
 Iter F-count            f(x)  Feasibility   optimality         step
   31     486    2.470249e-01    0.000e+00    1.167e+04    2.276e-03

error =

    0.2476


error =

    0.2470


error =

    0.2470


error =

    0.2473


error =

    0.2470


error =

    0.2470


error =

    0.2470


error =

    0.2475


error =

    0.2470


error =

    0.2477


error =

    0.2470


error =

    0.2470


error =

    0.2470


error =

    0.2470

   32     500    2.470192e-01    0.000e+00    5.384e+03    4.243e-03

error =

    0.2471


error =

    0.2467


error =

    0.2467


error =

    0.2470


error =

    0.2467


error =

    0.2467


error =

    0.2467


error =

    0.2472


error =

    0.2467


error =

    0.2474


error =

    0.2467


error =

    0.2467


error =

    0.2467


error =

    0.2467

   33     514    2.466808e-01    0.000e+00    6.754e+03    1.935e-03

error =

    0.2584


error =

    0.2490


error =

    0.2470


error =

    0.2466


error =

    0.2466


error =

    0.2470


error =

    0.2466


error =

    0.2466


error =

    0.2466


error =

    0.2470


error =

    0.2466


error =

    0.2473


error =

    0.2466


error =

    0.2466


error =

    0.2466


error =

    0.2466

   34     530    2.466456e-01    0.000e+00    2.519e+03    1.264e-03

error =

    0.2820


error =

    0.2551


error =

    0.2489


error =

    0.2473


error =

    0.2509


error =

    0.2487


error =

    0.2476


error =

    0.2470


error =

    0.2468


error =

    0.2468


error =

    0.2467


error =

    0.2467


error =

    0.2467


error =

    0.2466


error =

    0.2466


error =

    0.2470


error =

    0.2466


error =

    0.2466


error =

    0.2466


error =

    0.2470


error =

    0.2466


error =

    0.2473


error =

    0.2466


error =

    0.2466


error =

    0.2466


error =

    0.2466

   35     556    2.466420e-01    0.000e+00    3.501e+02    1.986e-04

error =

    0.2499


error =

    0.2466


error =

    0.2466


error =

    0.2470


error =

    0.2466


error =

    0.2466


error =

    0.2466


error =

    0.2470


error =

    0.2466


error =

    0.2473


error =

    0.2466


error =

    0.2466


error =

    0.2466


error =

    0.2466

   36     570    2.466404e-01    0.000e+00    3.551e+02    1.529e-05

error =

    0.2473


error =

    0.2469


error =

    0.2467


error =

    0.2467


error =

    0.2466


error =

    0.2466


error =

    0.2466


error =

    0.2466


error =

    0.2466


error =

    0.2466


error =

    0.2466


error =

    0.2466


error =

    0.2466


error =

    0.2466


Local minimum possible. Constraints satisfied.

fmincon stopped because the size of the current step is less than
the value of the step size tolerance and constraints are 
satisfied to within the value of the constraint tolerance.


error =

    0.2466

J=2.466404e-01   Err_inp=1.928314e+03

ans =

    0.0000    0.0000
    0.0000    0.0000
    0.0001    0.0000
    0.0000    0.0000
    0.0000    0.0000
    0.0000    0.0000
    0.0000    0.0000
    0.0000    0.0000
    0.8497    0.2438
    1.2888    0.3077
    0.3543    0.1132
    0.4256    0.1002

