
                            < M A T L A B (R) >
                  Copyright 1984-2021 The MathWorks, Inc.
             R2021b Update 7 (9.11.0.2358333) 64-bit (glnxa64)
                              August 16, 2023

 
To get started, type doc.
For product information, visit www.mathworks.com.
 

error =

   10.0085


error =

   15.2443


error =

   15.2463


error =

   15.2486


error =

   15.2406


error =

   15.2468


error =

   15.2466


error =

   15.2936


error =

   15.2483


error =

   15.2489


error =

   15.2443


error =

   15.2443


error =

   15.2443


error =

   15.2443

                                            First-order      Norm of
 Iter F-count            f(x)  Feasibility   optimality         step
    0      13    1.524432e+01    0.000e+00    2.499e+05

error =

    9.8678


error =

    9.8709


error =

    9.8721


error =

    9.8659


error =

    9.8714


error =

    9.8687


error =

    9.9277


error =

    9.8718


error =

    9.8759


error =

    9.8678


error =

    9.8678


error =

    9.8678


error =

    9.8678

    1      26    9.867805e+00    0.000e+00    9.174e+05    3.917e-01

error =

    5.5321


error =

    5.5342


error =

    5.5344


error =

    5.5318


error =

    5.5345


error =

    5.5327


error =

    5.5832


error =

    5.5353


error =

    5.5383


error =

    5.5321


error =

    5.5321


error =

    5.5321


error =

    5.5321

    2      39    5.532135e+00    0.000e+00    3.198e+05    5.794e-02

error =

    3.7271


error =

    3.7294


error =

    3.7288


error =

    3.7274


error =

    3.7292


error =

    3.7274


error =

    3.7720


error =

    3.7299


error =

    3.7328


error =

    3.7271


error =

    3.7271


error =

    3.7271


error =

    3.7271

    3      52    3.727061e+00    0.000e+00    1.515e+05    1.885e-02

error =

    0.9727


error =

    0.9749


error =

    0.9734


error =

    0.9727


error =

    0.9736


error =

    0.9759


error =

    0.9772


error =

    0.9729


error =

    0.9737


error =

    0.9727


error =

    0.9727


error =

    0.9727


error =

    0.9727

    4      65    9.727476e-01    0.000e+00    1.814e+06    1.669e-02

error =

    0.9202


error =

    0.9223


error =

    0.9208


error =

    0.9201


error =

    0.9209


error =

    0.9231


error =

    0.9241


error =

    0.9204


error =

    0.9211


error =

    0.9202


error =

    0.9202


error =

    0.9202


error =

    0.9202

    5      78    9.201763e-01    0.000e+00    1.310e+06    1.273e-03

error =

    0.7506


error =

    0.7429


error =

    0.7506


error =

    0.7506


error =

    0.7507


error =

    0.7482


error =

    0.7510


error =

    0.7504


error =

    0.7506


error =

    0.7506


error =

    0.7506


error =

    0.7506


error =

    0.7506

    6      91    7.505689e-01    0.000e+00    6.596e+05    6.565e-02

error =

    0.7195


error =

    0.7128


error =

    0.7196


error =

    0.7195


error =

    0.7196


error =

    0.7172


error =

    0.7199


error =

    0.7194


error =

    0.7196


error =

    0.7195


error =

    0.7195


error =

    0.7195


error =

    0.7195

    7     104    7.195163e-01    0.000e+00    4.994e+05    5.056e-03

error =

    0.5236


error =

    0.5231


error =

    0.5238


error =

    0.5236


error =

    0.5236


error =

    0.5229


error =

    0.5251


error =

    0.5238


error =

    0.5243


error =

    0.5236


error =

    0.5236


error =

    0.5236


error =

    0.5236

    8     117    5.236287e-01    0.000e+00    1.927e+05    1.115e-01

error =

    0.6840


error =

    0.5062


error =

    0.5051


error =

    0.5064


error =

    0.5061


error =

    0.5062


error =

    0.5067


error =

    0.5106


error =

    0.5066


error =

    0.5070


error =

    0.5062


error =

    0.5062


error =

    0.5062


error =

    0.5062

    9     131    5.061624e-01    0.000e+00    7.075e+04    2.760e-01

error =

    0.5872


error =

    0.5006


error =

    0.4999


error =

    0.5009


error =

    0.5006


error =

    0.5006


error =

    0.5012


error =

    0.5057


error =

    0.5011


error =

    0.5015


error =

    0.5006


error =

    0.5006


error =

    0.5006


error =

    0.5006

   10     145    5.005933e-01    0.000e+00    5.443e+04    1.401e-01

error =

    0.4489


error =

    0.4490


error =

    0.4491


error =

    0.4489


error =

    0.4486


error =

    0.4476


error =

    0.4499


error =

    0.4490


error =

    0.4494


error =

    0.4489


error =

    0.4489


error =

    0.4489


error =

    0.4489

   11     158    4.488841e-01    0.000e+00    2.104e+05    1.409e-02

error =

    0.4543


error =

    0.4207


error =

    0.4209


error =

    0.4209


error =

    0.4207


error =

    0.4205


error =

    0.4206


error =

    0.4225


error =

    0.4209


error =

    0.4213


error =

    0.4207


error =

    0.4207


error =

    0.4207


error =

    0.4207

   12     172    4.206615e-01    0.000e+00    1.545e+05    8.816e-02

error =

    0.4547


error =

    0.3919


error =

    0.3915


error =

    0.3921


error =

    0.3918


error =

    0.3919


error =

    0.3922


error =

    0.3944


error =

    0.3921


error =

    0.3927


error =

    0.3919


error =

    0.3919


error =

    0.3919


error =

    0.3919

   13     186    3.918618e-01    0.000e+00    9.582e+04    2.331e-01

error =

    0.3137


error =

    0.3134


error =

    0.3139


error =

    0.3137


error =

    0.3137


error =

    0.3135


error =

    0.3143


error =

    0.3137


error =

    0.3144


error =

    0.3137


error =

    0.3137


error =

    0.3137


error =

    0.3137

   14     199    3.136841e-01    0.000e+00    1.347e+05    1.418e-01

error =

    0.3776


error =

    0.3231


error =

    0.3144


error =

    0.3131


error =

    0.3128


error =

    0.3133


error =

    0.3131


error =

    0.3131


error =

    0.3129


error =

    0.3136


error =

    0.3131


error =

    0.3138


error =

    0.3131


error =

    0.3131


error =

    0.3131


error =

    0.3131

   15     215    3.131375e-01    0.000e+00    1.414e+05    1.878e-02

error =

    0.8769


error =

    0.3716


error =

    0.3209


error =

    0.3130


error =

    0.3126


error =

    0.3132


error =

    0.3130


error =

    0.3129


error =

    0.3128


error =

    0.3132


error =

    0.3129


error =

    0.3135


error =

    0.3130


error =

    0.3130


error =

    0.3130


error =

    0.3130

   16     231    3.129706e-01    0.000e+00    1.560e+05    1.519e-02

error =

    0.7436


error =

    0.4081


error =

    0.3197


error =

    0.3033


error =

    0.3034


error =

    0.3036


error =

    0.3033


error =

    0.3034


error =

    0.3034


error =

    0.3045


error =

    0.3034


error =

    0.3041


error =

    0.3033


error =

    0.3033


error =

    0.3033


error =

    0.3033

   17     247    3.033257e-01    0.000e+00    8.669e+04    1.893e-02

error =

    0.3220


error =

    0.2979


error =

    0.2980


error =

    0.2981


error =

    0.2979


error =

    0.2978


error =

    0.2980


error =

    0.2990


error =

    0.2979


error =

    0.2986


error =

    0.2979


error =

    0.2979


error =

    0.2979


error =

    0.2979

   18     261    2.978624e-01    0.000e+00    4.387e+04    6.755e-02

error =

    0.2755


error =

    0.2752


error =

    0.2757


error =

    0.2755


error =

    0.2754


error =

    0.2755


error =

    0.2747


error =

    0.2753


error =

    0.2759


error =

    0.2755


error =

    0.2755


error =

    0.2755


error =

    0.2755

   19     274    2.755048e-01    0.000e+00    1.484e+05    2.807e-02

error =

    0.2863


error =

    0.2761


error =

    0.2751


error =

    0.2748


error =

    0.2753


error =

    0.2751


error =

    0.2750


error =

    0.2751


error =

    0.2746


error =

    0.2750


error =

    0.2756


error =

    0.2751


error =

    0.2751


error =

    0.2751


error =

    0.2751

   20     289    2.750983e-01    0.000e+00    1.180e+05    1.500e-02

error =

    2.2944


error =

    0.8799


error =

    0.4396


error =

    0.3086


error =

    0.2936


error =

    0.2707


error =

    0.2708


error =

    0.2709


error =

    0.2707


error =

    0.2707


error =

    0.2707


error =

    0.2712


error =

    0.2706


error =

    0.2714


error =

    0.2707


error =

    0.2707


error =

    0.2707


error =

    0.2707

   21     307    2.706530e-01    0.000e+00    4.455e+03    1.536e-02

error =

    0.2659


error =

    0.2658


error =

    0.2661


error =

    0.2659


error =

    0.2659


error =

    0.2658


error =

    0.2665


error =

    0.2659


error =

    0.2666


error =

    0.2659


error =

    0.2659


error =

    0.2659


error =

    0.2659

   22     320    2.658918e-01    0.000e+00    1.490e+04    2.366e-02

error =

    0.2896


error =

    0.2677


error =

    0.2644


error =

    0.2642


error =

    0.2646


error =

    0.2644


error =

    0.2644


error =

    0.2643


error =

    0.2652


error =

    0.2644


error =

    0.2650


error =

    0.2644


error =

    0.2644


error =

    0.2644


error =

    0.2644

   23     335    2.643673e-01    0.000e+00    1.734e+04    1.948e-02

error =

    0.2714


error =

    0.2644


error =

    0.2637


error =

    0.2635


error =

    0.2639


error =

    0.2637


error =

    0.2636


error =

    0.2636


error =

    0.2641


error =

    0.2636


error =

    0.2643


error =

    0.2637


error =

    0.2637


error =

    0.2637


error =

    0.2637

   24     350    2.636657e-01    0.000e+00    1.630e+04    5.708e-03

error =

    0.2933


error =

    0.2665


error =

    0.2616


error =

    0.2616


error =

    0.2618


error =

    0.2616


error =

    0.2616


error =

    0.2616


error =

    0.2620


error =

    0.2615


error =

    0.2622


error =

    0.2616


error =

    0.2616


error =

    0.2616


error =

    0.2616

   25     365    2.615733e-01    0.000e+00    3.028e+03    4.949e-03

error =

    0.2980


error =

    0.2702


error =

    0.2629


error =

    0.2614


error =

    0.2615


error =

    0.2617


error =

    0.2614


error =

    0.2614


error =

    0.2615


error =

    0.2618


error =

    0.2614


error =

    0.2621


error =

    0.2614


error =

    0.2614


error =

    0.2614


error =

    0.2614

   26     381    2.614114e-01    0.000e+00    3.318e+03    9.236e-03

error =

    0.2966


error =

    0.2643


error =

    0.2594


error =

    0.2594


error =

    0.2597


error =

    0.2594


error =

    0.2593


error =

    0.2595


error =

    0.2600


error =

    0.2594


error =

    0.2600


error =

    0.2594


error =

    0.2594


error =

    0.2594


error =

    0.2594

   27     396    2.593744e-01    0.000e+00    1.304e+04    8.934e-03

error =

    0.3097


error =

    0.2624


error =

    0.2581


error =

    0.2580


error =

    0.2584


error =

    0.2581


error =

    0.2581


error =

    0.2581


error =

    0.2586


error =

    0.2581


error =

    0.2588


error =

    0.2581


error =

    0.2581


error =

    0.2581


error =

    0.2581

   28     411    2.581371e-01    0.000e+00    9.954e+03    3.594e-03

error =

    0.4827


error =

    0.2831


error =

    0.2621


error =

    0.2586


error =

    0.2645


error =

    0.2583


error =

    0.2583


error =

    0.2586


error =

    0.2583


error =

    0.2583


error =

    0.2584


error =

    0.2586


error =

    0.2583


error =

    0.2589


error =

    0.2583


error =

    0.2583


error =

    0.2583


error =

    0.2583

   29     429    2.583039e-01    0.000e+00    3.242e+03    2.313e-02

error =

    0.2621


error =

    0.2577


error =

    0.2578


error =

    0.2581


error =

    0.2577


error =

    0.2577


error =

    0.2578


error =

    0.2584


error =

    0.2578


error =

    0.2584


error =

    0.2577


error =

    0.2577


error =

    0.2577


error =

    0.2577

   30     443    2.577465e-01    0.000e+00    2.016e+04    4.680e-03

error =

    0.2992


error =

    0.2695


error =

    0.2612


error =

    0.2589


error =

    0.2755


error =

    0.2642


error =

    0.2592


error =

    0.2574


error =

    0.2574


error =

    0.2577


error =

    0.2574


error =

    0.2574


error =

    0.2574


error =

    0.2582


error =

    0.2574


error =

    0.2581


error =

    0.2574


error =

    0.2574


error =

    0.2574


error =

    0.2574


                                            First-order      Norm of
 Iter F-count            f(x)  Feasibility   optimality         step
   31     463    2.573821e-01    0.000e+00    1.475e+03    5.750e-03

error =

    0.3090


error =

    0.2570


error =

    0.2571


error =

    0.2574


error =

    0.2570


error =

    0.2570


error =

    0.2571


error =

    0.2577


error =

    0.2571


error =

    0.2577


error =

    0.2570


error =

    0.2570


error =

    0.2570


error =

    0.2570

   32     477    2.570269e-01    0.000e+00    4.046e+03    1.027e-03

error =

    0.2569


error =

    0.2567


error =

    0.2567


error =

    0.2571


error =

    0.2567


error =

    0.2567


error =

    0.2568


error =

    0.2574


error =

    0.2568


error =

    0.2574


error =

    0.2567


error =

    0.2567


error =

    0.2567


error =

    0.2567

   33     491    2.567211e-01    0.000e+00    5.014e+03    3.474e-03

error =

    0.3266


error =

    0.2683


error =

    0.2586


error =

    0.2568


error =

    0.2578


error =

    0.2566


error =

    0.2565


error =

    0.2565


error =

    0.2568


error =

    0.2565


error =

    0.2565


error =

    0.2565


error =

    0.2571


error =

    0.2565


error =

    0.2572


error =

    0.2565


error =

    0.2565


error =

    0.2565


error =

    0.2565

   34     510    2.564956e-01    0.000e+00    2.416e+03    3.671e-03

error =

    0.2565


error =

    0.2563


error =

    0.2563


error =

    0.2566


error =

    0.2563


error =

    0.2563


error =

    0.2563


error =

    0.2568


error =

    0.2563


error =

    0.2570


error =

    0.2563


error =

    0.2563


error =

    0.2563


error =

    0.2563

   35     524    2.563265e-01    0.000e+00    6.915e+03    3.029e-03

error =

    0.2603


error =

    0.2572


error =

    0.2565


error =

    0.2564


error =

    0.2565


error =

    0.2563


error =

    0.2563


error =

    0.2566


error =

    0.2563


error =

    0.2563


error =

    0.2563


error =

    0.2568


error =

    0.2563


error =

    0.2570


error =

    0.2563


error =

    0.2563


error =

    0.2563


error =

    0.2563

   36     542    2.562868e-01    0.000e+00    5.343e+01    3.186e-03

error =

    0.2557


error =

    0.2558


error =

    0.2560


error =

    0.2557


error =

    0.2557


error =

    0.2557


error =

    0.2565


error =

    0.2557


error =

    0.2564


error =

    0.2557


error =

    0.2557


error =

    0.2557


error =

    0.2557

   37     555    2.556881e-01    0.000e+00    2.245e+04    3.582e-03

error =

    0.6071


error =

    0.2878


error =

    0.2585


error =

    0.2549


error =

    0.2548


error =

    0.2552


error =

    0.2549


error =

    0.2549


error =

    0.2549


error =

    0.2557


error =

    0.2549


error =

    0.2555


error =

    0.2549


error =

    0.2549


error =

    0.2549


error =

    0.2549

   38     571    2.548600e-01    0.000e+00    2.303e+04    4.833e-03

error =

    0.6130


error =

    0.3023


error =

    0.2651


error =

    0.2576


error =

    0.2568


error =

    0.2552


error =

    0.2549


error =

    0.2549


error =

    0.2548


error =

    0.2552


error =

    0.2549


error =

    0.2549


error =

    0.2549


error =

    0.2557


error =

    0.2549


error =

    0.2556


error =

    0.2549


error =

    0.2549


error =

    0.2549


error =

    0.2549

   39     591    2.548597e-01    0.000e+00    5.330e+03    9.513e-04

error =

    0.3884


error =

    0.2546


error =

    0.2546


error =

    0.2550


error =

    0.2546


error =

    0.2546


error =

    0.2547


error =

    0.2555


error =

    0.2547


error =

    0.2553


error =

    0.2546


error =

    0.2546


error =

    0.2546


error =

    0.2546

   40     605    2.546123e-01    0.000e+00    3.504e+03    1.170e-03

error =

    0.3195


error =

    0.2647


error =

    0.2555


error =

    0.2541


error =

    0.2541


error =

    0.2545


error =

    0.2541


error =

    0.2541


error =

    0.2542


error =

    0.2548


error =

    0.2541


error =

    0.2548


error =

    0.2541


error =

    0.2541


error =

    0.2541


error =

    0.2541

   41     621    2.540984e-01    0.000e+00    7.751e+03    3.877e-03

error =

    0.2815


error =

    0.2585


error =

    0.2545


error =

    0.2539


error =

    0.2539


error =

    0.2542


error =

    0.2539


error =

    0.2539


error =

    0.2540


error =

    0.2544


error =

    0.2539


error =

    0.2546


error =

    0.2539


error =

    0.2539


error =

    0.2539


error =

    0.2539

   42     637    2.538892e-01    0.000e+00    1.872e+04    1.410e-03

error =

    0.2536


error =

    0.2536


error =

    0.2539


error =

    0.2536


error =

    0.2536


error =

    0.2535


error =

    0.2540


error =

    0.2536


error =

    0.2543


error =

    0.2536


error =

    0.2536


error =

    0.2536


error =

    0.2536

   43     650    2.535711e-01    0.000e+00    4.931e+03    9.110e-04

error =

    0.2534


error =

    0.2534


error =

    0.2537


error =

    0.2534


error =

    0.2534


error =

    0.2534


error =

    0.2538


error =

    0.2534


error =

    0.2540


error =

    0.2534


error =

    0.2534


error =

    0.2534


error =

    0.2534

   44     663    2.533753e-01    0.000e+00    2.321e+03    1.099e-03

error =

    0.2536


error =

    0.2534


error =

    0.2534


error =

    0.2537


error =

    0.2534


error =

    0.2534


error =

    0.2534


error =

    0.2539


error =

    0.2534


error =

    0.2541


error =

    0.2534


error =

    0.2534


error =

    0.2534


error =

    0.2534

   45     677    2.533749e-01    0.000e+00    1.623e+03    6.270e-04

error =

    0.2533


error =

    0.2533


error =

    0.2536


error =

    0.2533


error =

    0.2533


error =

    0.2533


error =

    0.2538


error =

    0.2533


error =

    0.2540


error =

    0.2533


error =

    0.2533


error =

    0.2533


error =

    0.2533

   46     690    2.533282e-01    0.000e+00    1.376e+03    2.355e-04

error =

    0.2537


error =

    0.2534


error =

    0.2533


error =

    0.2533


error =

    0.2536


error =

    0.2533


error =

    0.2533


error =

    0.2533


error =

    0.2538


error =

    0.2533


error =

    0.2540


error =

    0.2533


error =

    0.2533


error =

    0.2533


error =

    0.2533

   47     705    2.533197e-01    0.000e+00    1.050e+03    3.593e-04

error =

    0.2772


error =

    0.2576


error =

    0.2543


error =

    0.2536


error =

    0.2536


error =

    0.2534


error =

    0.2533


error =

    0.2533


error =

    0.2533


error =

    0.2536


error =

    0.2533


error =

    0.2533


error =

    0.2533


error =

    0.2538


error =

    0.2533


error =

    0.2540


error =

    0.2533


error =

    0.2533


error =

    0.2533


error =

    0.2533

   48     725    2.533102e-01    0.000e+00    3.900e+02    3.059e-04

error =

    0.2551


error =

    0.2533


error =

    0.2533


error =

    0.2536


error =

    0.2533


error =

    0.2533


error =

    0.2533


error =

    0.2538


error =

    0.2533


error =

    0.2540


error =

    0.2533


error =

    0.2533


error =

    0.2533


error =

    0.2533

   49     739    2.533037e-01    0.000e+00    2.038e+02    2.266e-05

error =

    0.2538


error =

    0.2534


error =

    0.2533


error =

    0.2533


error =

    0.2533


error =

    0.2533


error =

    0.2536


error =

    0.2533


error =

    0.2533


error =

    0.2533


error =

    0.2538


error =

    0.2533


error =

    0.2540


error =

    0.2533


error =

    0.2533


error =

    0.2533


error =

    0.2533

   50     756    2.532903e-01    0.000e+00    8.585e+01    6.762e-05

error =

    0.2547


error =

    0.2533


error =

    0.2533


error =

    0.2536


error =

    0.2533


error =

    0.2533


error =

    0.2533


error =

    0.2537


error =

    0.2533


error =

    0.2540


error =

    0.2533


error =

    0.2533


error =

    0.2533


error =

    0.2533

   51     770    2.532858e-01    0.000e+00    1.384e+03    1.443e-04

error =

    0.2533


error =

    0.2533


error =

    0.2533


error =

    0.2536


error =

    0.2533


error =

    0.2533


error =

    0.2533


error =

    0.2537


error =

    0.2533


error =

    0.2540


error =

    0.2533


error =

    0.2533


error =

    0.2533


error =

    0.2533

   52     784    2.532849e-01    0.000e+00    1.394e+03    1.179e-04

error =

    0.2533


error =

    0.2533


error =

    0.2536


error =

    0.2533


error =

    0.2533


error =

    0.2533


error =

    0.2538


error =

    0.2533


error =

    0.2540


error =

    0.2533


error =

    0.2533


error =

    0.2533


error =

    0.2533

   53     797    2.532793e-01    0.000e+00    1.297e+03    1.144e-04

error =

    0.2534


error =

    0.2533


error =

    0.2533


error =

    0.2533


error =

    0.2533


error =

    0.2533


error =

    0.2533


error =

    0.2533


error =

    0.2533


error =

    0.2533


error =

    0.2533


error =

    0.2533


error =

    0.2533


error =

    0.2533


error =

    0.2533


error =

    0.2536


error =

    0.2533


error =

    0.2533


error =

    0.2533


error =

    0.2538


error =

    0.2533


error =

    0.2540


error =

    0.2533


error =

    0.2533


error =

    0.2533


error =

    0.2533

   54     823    2.532792e-01    0.000e+00    2.655e+01    1.805e-05

Local minimum found that satisfies the constraints.

Optimization completed because the objective function is non-decreasing in 
feasible directions, to within the value of the optimality tolerance,
and constraints are satisfied to within the value of the constraint tolerance.


error =

    0.2533

J=2.532792e-01   Err_inp=1.513730e+03

ans =

    0.0000    0.0000
    0.0000    0.0000
    0.0001    0.0000
    0.0000    0.0000
    0.0000    0.0000
    0.0000    0.0000
    0.0000    0.0000
    0.0000    0.0000
    0.9371    0.2438
    1.0124    0.3077
    0.3183    0.1132
    0.1061    0.1002

