
                            < M A T L A B (R) >
                  Copyright 1984-2021 The MathWorks, Inc.
             R2021b Update 7 (9.11.0.2358333) 64-bit (glnxa64)
                              August 16, 2023

 
To get started, type doc.
For product information, visit www.mathworks.com.
 

error =

   10.0085


error =

    7.8516


error =

    7.8568


error =

    7.8570


error =

    7.8525


error =

    7.8531


error =

    7.8520


error =

    7.8847


error =

    7.8584


error =

    7.8643


error =

    7.8516


error =

    7.8516


error =

    7.8516


error =

    7.8516

                                            First-order      Norm of
 Iter F-count            f(x)  Feasibility   optimality         step
    0      13    7.851640e+00    0.000e+00    1.971e+05

error =

    1.4109


error =

    1.4119


error =

    1.4114


error =

    1.4108


error =

    1.4070


error =

    1.4111


error =

    1.4235


error =

    1.4119


error =

    1.4122


error =

    1.4109


error =

    1.4109


error =

    1.4109


error =

    1.4109

    1      26    1.410940e+00    0.000e+00    7.684e+05    2.289e-01

error =

    0.5893


error =

    0.5897


error =

    0.5896


error =

    0.5892


error =

    0.5885


error =

    0.5894


error =

    0.5973


error =

    0.5900


error =

    0.5905


error =

    0.5893


error =

    0.5893


error =

    0.5893


error =

    0.5893

    2      39    5.892982e-01    0.000e+00    7.086e+05    5.552e-02

error =

    0.3946


error =

    0.3946


error =

    0.3950


error =

    0.3945


error =

    0.3946


error =

    0.3946


error =

    0.4018


error =

    0.3952


error =

    0.3960


error =

    0.3946


error =

    0.3946


error =

    0.3946


error =

    0.3946

    3      52    3.945797e-01    0.000e+00    5.407e+05    3.928e-01

error =

    0.3772


error =

    0.3772


error =

    0.3776


error =

    0.3772


error =

    0.3772


error =

    0.3772


error =

    0.3834


error =

    0.3777


error =

    0.3785


error =

    0.3772


error =

    0.3772


error =

    0.3772


error =

    0.3772

    4      65    3.771898e-01    0.000e+00    1.376e+05    6.859e-02

error =

    0.3348


error =

    0.3347


error =

    0.3349


error =

    0.3348


error =

    0.3347


error =

    0.3329


error =

    0.3345


error =

    0.3347


error =

    0.3354


error =

    0.3348


error =

    0.3348


error =

    0.3348


error =

    0.3348

    5      78    3.348046e-01    0.000e+00    5.511e+05    1.275e-02

error =

    0.3030


error =

    0.3033


error =

    0.3033


error =

    0.3030


error =

    0.3029


error =

    0.3031


error =

    0.3044


error =

    0.3030


error =

    0.3038


error =

    0.3030


error =

    0.3030


error =

    0.3030


error =

    0.3030

    6      91    3.030054e-01    0.000e+00    4.308e+05    1.701e-01

error =

    0.3697


error =

    0.3173


error =

    0.3071


error =

    0.3048


error =

    0.3791


error =

    0.7090


error =

    0.3184


error =

    0.2789


error =

    0.2789


error =

    0.2792


error =

    0.2789


error =

    0.2789


error =

    0.2790


error =

    0.2795


error =

    0.2789


error =

    0.2796


error =

    0.2789


error =

    0.2789


error =

    0.2789


error =

    0.2789

    7     111    2.789426e-01    0.000e+00    5.608e+03    3.971e-02

error =

    0.6675


error =

    0.3056


error =

    0.2769


error =

    0.2764


error =

    0.2771


error =

    0.2769


error =

    0.2768


error =

    0.2770


error =

    0.2766


error =

    0.2767


error =

    0.2773


error =

    0.2769


error =

    0.2769


error =

    0.2769


error =

    0.2769

    8     126    2.769066e-01    0.000e+00    5.775e+04    2.594e-02

error =

    0.6746


error =

    0.3405


error =

    0.2928


error =

    0.2819


error =

    0.2574


error =

    0.2571


error =

    0.2576


error =

    0.2574


error =

    0.2574


error =

    0.2575


error =

    0.2569


error =

    0.2572


error =

    0.2579


error =

    0.2574


error =

    0.2574


error =

    0.2574


error =

    0.2574

    9     143    2.574047e-01    0.000e+00    3.461e+04    1.031e-01

error =

    0.4117


error =

    0.2701


error =

    0.2542


error =

    0.2544


error =

    0.2544


error =

    0.2542


error =

    0.2542


error =

    0.2543


error =

    0.2544


error =

    0.2541


error =

    0.2549


error =

    0.2542


error =

    0.2542


error =

    0.2542


error =

    0.2542

   10     158    2.541808e-01    0.000e+00    1.564e+04    2.307e-02

error =

    0.2566


error =

    0.2333


error =

    0.2334


error =

    0.2335


error =

    0.2333


error =

    0.2333


error =

    0.2332


error =

    0.2337


error =

    0.2332


error =

    0.2339


error =

    0.2333


error =

    0.2333


error =

    0.2333


error =

    0.2333

   11     172    2.332602e-01    0.000e+00    2.848e+04    2.889e-02

error =

    0.5947


error =

    0.2625


error =

    0.2342


error =

    0.2315


error =

    0.2315


error =

    0.2317


error =

    0.2315


error =

    0.2315


error =

    0.2315


error =

    0.2319


error =

    0.2315


error =

    0.2321


error =

    0.2315


error =

    0.2315


error =

    0.2315


error =

    0.2315

   12     188    2.314897e-01    0.000e+00    2.891e+04    8.164e-03

error =

    0.4329


error =

    0.2588


error =

    0.2357


error =

    0.2318


error =

    0.2297


error =

    0.2296


error =

    0.2299


error =

    0.2297


error =

    0.2297


error =

    0.2296


error =

    0.2299


error =

    0.2297


error =

    0.2303


error =

    0.2297


error =

    0.2297


error =

    0.2297


error =

    0.2297

   13     205    2.296914e-01    0.000e+00    6.020e+03    3.746e-02

error =

    0.3599


error =

    0.2296


error =

    0.2294


error =

    0.2298


error =

    0.2296


error =

    0.2296


error =

    0.2296


error =

    0.2301


error =

    0.2296


error =

    0.2302


error =

    0.2296


error =

    0.2296


error =

    0.2296


error =

    0.2296

   14     219    2.295888e-01    0.000e+00    1.724e+04    1.800e-02

error =

    0.3176


error =

    0.2330


error =

    0.2259


error =

    0.2259


error =

    0.2261


error =

    0.2259


error =

    0.2259


error =

    0.2258


error =

    0.2257


error =

    0.2258


error =

    0.2265


error =

    0.2259


error =

    0.2259


error =

    0.2259


error =

    0.2259

   15     234    2.259294e-01    0.000e+00    3.295e+04    1.938e-02

error =

    0.2314


error =

    0.2245


error =

    0.2247


error =

    0.2248


error =

    0.2245


error =

    0.2245


error =

    0.2245


error =

    0.2252


error =

    0.2246


error =

    0.2252


error =

    0.2245


error =

    0.2245


error =

    0.2245


error =

    0.2245

   16     248    2.245364e-01    0.000e+00    2.509e+04    3.353e-03

error =

    0.3099


error =

    0.2616


error =

    0.2374


error =

    0.2284


error =

    0.2537


error =

    0.2247


error =

    0.2215


error =

    0.2217


error =

    0.2218


error =

    0.2215


error =

    0.2215


error =

    0.2215


error =

    0.2221


error =

    0.2215


error =

    0.2221


error =

    0.2215


error =

    0.2215


error =

    0.2215


error =

    0.2215

   17     267    2.214990e-01    0.000e+00    1.366e+03    5.482e-02

error =

    0.3367


error =

    0.2168


error =

    0.2169


error =

    0.2170


error =

    0.2168


error =

    0.2168


error =

    0.2166


error =

    0.2170


error =

    0.2167


error =

    0.2173


error =

    0.2168


error =

    0.2168


error =

    0.2168


error =

    0.2168

   18     281    2.167586e-01    0.000e+00    2.193e+04    1.746e-02

error =

    0.4671


error =

    0.2353


error =

    0.2121


error =

    0.2119


error =

    0.2123


error =

    0.2121


error =

    0.2121


error =

    0.2121


error =

    0.2122


error =

    0.2120


error =

    0.2126


error =

    0.2121


error =

    0.2121


error =

    0.2121


error =

    0.2121

   19     296    2.120882e-01    0.000e+00    3.119e+04    2.015e-02

error =

    4.0344


error =

    0.3097


error =

    0.2206


error =

    0.2113


error =

    0.2112


error =

    0.2116


error =

    0.2113


error =

    0.2112


error =

    0.2114


error =

    0.2112


error =

    0.2112


error =

    0.2118


error =

    0.2113


error =

    0.2113


error =

    0.2113


error =

    0.2113

   20     312    2.112855e-01    0.000e+00    4.379e+04    6.799e-03

error =

    0.2053


error =

    0.2054


error =

    0.2056


error =

    0.2053


error =

    0.2053


error =

    0.2054


error =

    0.2060


error =

    0.2053


error =

    0.2059


error =

    0.2053


error =

    0.2053


error =

    0.2053


error =

    0.2053

   21     325    2.053282e-01    0.000e+00    5.727e+03    2.348e-02

error =

    0.3078


error =

    0.2184


error =

    0.2065


error =

    0.2048


error =

    0.2049


error =

    0.2051


error =

    0.2049


error =

    0.2048


error =

    0.2048


error =

    0.2053


error =

    0.2048


error =

    0.2054


error =

    0.2048


error =

    0.2048


error =

    0.2048


error =

    0.2048

   22     341    2.048488e-01    0.000e+00    8.267e+03    5.540e-03

error =

    0.2300


error =

    0.2124


error =

    0.2073


error =

    0.2057


error =

    0.2058


error =

    0.2060


error =

    0.2057


error =

    0.2057


error =

    0.2056


error =

    0.2061


error =

    0.2057


error =

    0.2063


error =

    0.2057


error =

    0.2057


error =

    0.2057


error =

    0.2057

   23     357    2.056952e-01    0.000e+00    8.693e+03    9.747e-03

error =

    0.5519


error =

    0.2292


error =

    0.2045


error =

    0.2042


error =

    0.2047


error =

    0.2045


error =

    0.2044


error =

    0.2044


error =

    0.2049


error =

    0.2045


error =

    0.2050


error =

    0.2045


error =

    0.2045


error =

    0.2045


error =

    0.2045

   24     372    2.044537e-01    0.000e+00    1.941e+04    3.309e-02

error =

    0.3924


error =

    0.2405


error =

    0.2142


error =

    0.2076


error =

    0.2715


error =

    0.2134


error =

    0.2019


error =

    0.2019


error =

    0.2023


error =

    0.2019


error =

    0.2019


error =

    0.2021


error =

    0.2027


error =

    0.2020


error =

    0.2025


error =

    0.2019


error =

    0.2019


error =

    0.2019


error =

    0.2019

   25     391    2.019394e-01    0.000e+00    5.008e+03    3.126e-02

error =

    0.4780


error =

    0.2150


error =

    0.2049


error =

    0.2024


error =

    0.2131


error =

    0.2015


error =

    0.2016


error =

    0.2018


error =

    0.2015


error =

    0.2015


error =

    0.2016


error =

    0.2022


error =

    0.2016


error =

    0.2021


error =

    0.2015


error =

    0.2015


error =

    0.2015


error =

    0.2015

   26     409    2.015146e-01    0.000e+00    2.892e+03    1.954e-02

error =

    0.2736


error =

    0.2006


error =

    0.2006


error =

    0.2009


error =

    0.2006


error =

    0.2006


error =

    0.2007


error =

    0.2011


error =

    0.2007


error =

    0.2012


error =

    0.2006


error =

    0.2006


error =

    0.2006


error =

    0.2006

   27     423    2.006312e-01    0.000e+00    1.189e+04    4.304e-03

error =

    0.2663


error =

    0.2113


error =

    0.2016


error =

    0.2001


error =

    0.2001


error =

    0.2004


error =

    0.2001


error =

    0.2001


error =

    0.2002


error =

    0.2006


error =

    0.2001


error =

    0.2007


error =

    0.2001


error =

    0.2001


error =

    0.2001


error =

    0.2001

   28     439    2.001119e-01    0.000e+00    8.506e+03    1.354e-02

error =

    0.2430


error =

    0.2108


error =

    0.2031


error =

    0.2010


error =

    0.1955


error =

    0.1955


error =

    0.1958


error =

    0.1955


error =

    0.1955


error =

    0.1955


error =

    0.1958


error =

    0.1955


error =

    0.1960


error =

    0.1955


error =

    0.1955


error =

    0.1955


error =

    0.1955

   29     456    1.954652e-01    0.000e+00    4.926e+02    3.167e-02

error =

    0.2204


error =

    0.2001


error =

    0.1963


error =

    0.1956


error =

    0.1936


error =

    0.1939


error =

    0.1940


error =

    0.1942


error =

    0.1939


error =

    0.1939


error =

    0.1940


error =

    0.1943


error =

    0.1939


error =

    0.1945


error =

    0.1939


error =

    0.1939


error =

    0.1939


error =

    0.1939

   30     474    1.939106e-01    0.000e+00    1.967e+02    2.068e-02

error =

    0.2554


error =

    0.1970


error =

    0.1951


error =

    0.1944


error =

    0.1993


error =

    0.1928


error =

    0.1928


error =

    0.1931


error =

    0.1928


error =

    0.1928


error =

    0.1928


error =

    0.1932


error =

    0.1928


error =

    0.1934


error =

    0.1928


error =

    0.1928


error =

    0.1928


error =

    0.1928


                                            First-order      Norm of
 Iter F-count            f(x)  Feasibility   optimality         step
   31     492    1.928347e-01    0.000e+00    4.333e+03    1.727e-02

error =

    0.5397


error =

    0.1939


error =

    0.1933


error =

    0.1930


error =

    0.1935


error =

    0.1929


error =

    0.1929


error =

    0.1932


error =

    0.1929


error =

    0.1929


error =

    0.1930


error =

    0.1934


error =

    0.1929


error =

    0.1935


error =

    0.1929


error =

    0.1929


error =

    0.1929


error =

    0.1929

   32     510    1.929315e-01    0.000e+00    2.837e+03    9.713e-03

error =

    0.1929


error =

    0.1926


error =

    0.1926


error =

    0.1929


error =

    0.1926


error =

    0.1927


error =

    0.1927


error =

    0.1931


error =

    0.1926


error =

    0.1932


error =

    0.1926


error =

    0.1926


error =

    0.1926


error =

    0.1926

   33     524    1.926429e-01    0.000e+00    2.545e+03    1.853e-03

error =

    0.2764


error =

    0.2104


error =

    0.1966


error =

    0.1934


error =

    0.1931


error =

    0.1927


error =

    0.1926


error =

    0.1926


error =

    0.1926


error =

    0.1929


error =

    0.1926


error =

    0.1926


error =

    0.1926


error =

    0.1930


error =

    0.1926


error =

    0.1932


error =

    0.1926


error =

    0.1926


error =

    0.1926


error =

    0.1926

   34     544    1.926157e-01    0.000e+00    9.700e+02    2.966e-03

error =

    0.2706


error =

    0.1926


error =

    0.1926


error =

    0.1929


error =

    0.1926


error =

    0.1926


error =

    0.1926


error =

    0.1930


error =

    0.1926


error =

    0.1932


error =

    0.1926


error =

    0.1926


error =

    0.1926


error =

    0.1926

   35     558    1.926128e-01    0.000e+00    8.905e+02    3.053e-05

error =

    0.3360


error =

    0.2332


error =

    0.2032


error =

    0.1951


error =

    0.1925


error =

    0.1925


error =

    0.1928


error =

    0.1925


error =

    0.1925


error =

    0.1925


error =

    0.1928


error =

    0.1925


error =

    0.1931


error =

    0.1925


error =

    0.1925


error =

    0.1925


error =

    0.1925

   36     575    1.924847e-01    0.000e+00    7.355e+01    3.526e-03

error =

    0.2757


error =

    0.1925


error =

    0.1925


error =

    0.1928


error =

    0.1925


error =

    0.1925


error =

    0.1925


error =

    0.1928


error =

    0.1925


error =

    0.1931


error =

    0.1925


error =

    0.1925


error =

    0.1925


error =

    0.1925

   37     589    1.924798e-01    0.000e+00    2.971e+02    1.548e-04

error =

    0.2327


error =

    0.2031


error =

    0.1953


error =

    0.1932


error =

    0.1933


error =

    0.1935


error =

    0.1932


error =

    0.1932


error =

    0.1932


error =

    0.1935


error =

    0.1932


error =

    0.1938


error =

    0.1932


error =

    0.1932


error =

    0.1932


error =

    0.1932

   38     605    1.932094e-01    0.000e+00    5.028e+03    3.883e-03

error =

    0.2011


error =

    0.1949


error =

    0.1934


error =

    0.1931


error =

    0.1932


error =

    0.1934


error =

    0.1931


error =

    0.1932


error =

    0.1931


error =

    0.1934


error =

    0.1931


error =

    0.1937


error =

    0.1931


error =

    0.1931


error =

    0.1931


error =

    0.1931

   39     621    1.931285e-01    0.000e+00    4.541e+03    1.453e-03

error =

    0.5550


error =

    0.2366


error =

    0.1992


error =

    0.1932


error =

    0.2243


error =

    0.1967


error =

    0.1925


error =

    0.1924


error =

    0.1928


error =

    0.1925


error =

    0.1925


error =

    0.1925


error =

    0.1927


error =

    0.1925


error =

    0.1930


error =

    0.1925


error =

    0.1925


error =

    0.1925


error =

    0.1925

   40     640    1.924904e-01    0.000e+00    4.919e+03    5.130e-03

error =

    1.2389


error =

    0.1926


error =

    0.1924


error =

    0.1924


error =

    0.1927


error =

    0.1924


error =

    0.1924


error =

    0.1924


error =

    0.1926


error =

    0.1924


error =

    0.1930


error =

    0.1924


error =

    0.1924


error =

    0.1924


error =

    0.1924

   41     655    1.924332e-01    0.000e+00    4.095e+03    1.647e-03

error =

    0.1994


error =

    0.1934


error =

    0.1921


error =

    0.1921


error =

    0.1924


error =

    0.1921


error =

    0.1921


error =

    0.1922


error =

    0.1926


error =

    0.1921


error =

    0.1927


error =

    0.1921


error =

    0.1921


error =

    0.1921


error =

    0.1921

   42     670    1.921338e-01    0.000e+00    1.612e+04    1.239e-03

error =

    0.1933


error =

    0.1919


error =

    0.1920


error =

    0.1922


error =

    0.1919


error =

    0.1919


error =

    0.1920


error =

    0.1922


error =

    0.1919


error =

    0.1925


error =

    0.1919


error =

    0.1919


error =

    0.1919


error =

    0.1919

   43     684    1.919411e-01    0.000e+00    4.339e+03    6.473e-04

error =

    0.1916


error =

    0.1917


error =

    0.1919


error =

    0.1916


error =

    0.1916


error =

    0.1917


error =

    0.1920


error =

    0.1916


error =

    0.1922


error =

    0.1916


error =

    0.1916


error =

    0.1916


error =

    0.1916

   44     697    1.916298e-01    0.000e+00    5.293e+03    2.466e-03

error =

    0.1913


error =

    0.1912


error =

    0.1916


error =

    0.1913


error =

    0.1913


error =

    0.1913


error =

    0.1916


error =

    0.1913


error =

    0.1918


error =

    0.1913


error =

    0.1913


error =

    0.1913


error =

    0.1913

   45     710    1.912681e-01    0.000e+00    3.372e+03    8.289e-04

error =

    0.1923


error =

    0.1915


error =

    0.1913


error =

    0.1913


error =

    0.1916


error =

    0.1913


error =

    0.1913


error =

    0.1913


error =

    0.1915


error =

    0.1913


error =

    0.1919


error =

    0.1913


error =

    0.1913


error =

    0.1913


error =

    0.1913

   46     725    1.913040e-01    0.000e+00    2.502e+03    7.979e-04

error =

    0.2083


error =

    0.1952


error =

    0.1920


error =

    0.1913


error =

    0.1913


error =

    0.1916


error =

    0.1913


error =

    0.1913


error =

    0.1913


error =

    0.1916


error =

    0.1913


error =

    0.1919


error =

    0.1913


error =

    0.1913


error =

    0.1913


error =

    0.1913

   47     741    1.912996e-01    0.000e+00    5.736e+03    7.020e-04

error =

    0.1914


error =

    0.1912


error =

    0.1913


error =

    0.1915


error =

    0.1912


error =

    0.1912


error =

    0.1912


error =

    0.1915


error =

    0.1912


error =

    0.1918


error =

    0.1912


error =

    0.1912


error =

    0.1912


error =

    0.1912

   48     755    1.912244e-01    0.000e+00    2.064e+03    3.196e-04

error =

    0.1914


error =

    0.1912


error =

    0.1912


error =

    0.1915


error =

    0.1912


error =

    0.1912


error =

    0.1912


error =

    0.1914


error =

    0.1911


error =

    0.1917


error =

    0.1912


error =

    0.1912


error =

    0.1912


error =

    0.1912

   49     769    1.911735e-01    0.000e+00    8.128e+02    8.160e-05

error =

    0.1913


error =

    0.1912


error =

    0.1912


error =

    0.1915


error =

    0.1912


error =

    0.1912


error =

    0.1912


error =

    0.1914


error =

    0.1912


error =

    0.1918


error =

    0.1912


error =

    0.1912


error =

    0.1912


error =

    0.1912

   50     783    1.911956e-01    0.000e+00    1.291e+03    4.562e-04

error =

    0.1913


error =

    0.1911


error =

    0.1911


error =

    0.1912


error =

    0.1914


error =

    0.1911


error =

    0.1912


error =

    0.1911


error =

    0.1913


error =

    0.1911


error =

    0.1917


error =

    0.1911


error =

    0.1911


error =

    0.1911


error =

    0.1911

   51     798    1.911465e-01    0.000e+00    2.314e+03    6.346e-04

error =

    0.1919


error =

    0.1910


error =

    0.1910


error =

    0.1910


error =

    0.1912


error =

    0.1910


error =

    0.1910


error =

    0.1910


error =

    0.1912


error =

    0.1909


error =

    0.1915


error =

    0.1910


error =

    0.1910


error =

    0.1910


error =

    0.1910

   52     813    1.909580e-01    0.000e+00    2.602e+03    1.457e-03

error =

    0.1911


error =

    0.1911


error =

    0.1914


error =

    0.1911


error =

    0.1911


error =

    0.1911


error =

    0.1913


error =

    0.1911


error =

    0.1917


error =

    0.1911


error =

    0.1911


error =

    0.1911


error =

    0.1911

   53     826    1.910795e-01    0.000e+00    2.255e+03    1.042e-03

error =

    0.1929


error =

    0.1918


error =

    0.1914


error =

    0.1912


error =

    0.1920


error =

    0.1916


error =

    0.1912


error =

    0.1911


error =

    0.1911


error =

    0.1914


error =

    0.1911


error =

    0.1911


error =

    0.1911


error =

    0.1913


error =

    0.1910


error =

    0.1916


error =

    0.1911


error =

    0.1911


error =

    0.1911


error =

    0.1911

   54     846    1.910701e-01    0.000e+00    4.553e+02    1.335e-03

error =

    0.1917


error =

    0.1911


error =

    0.1911


error =

    0.1911


error =

    0.1911


error =

    0.1910


error =

    0.1910


error =

    0.1913


error =

    0.1910


error =

    0.1910


error =

    0.1910


error =

    0.1913


error =

    0.1910


error =

    0.1916


error =

    0.1910


error =

    0.1910


error =

    0.1910


error =

    0.1910

   55     864    1.910425e-01    0.000e+00    5.213e+02    1.329e-03

error =

    0.1939


error =

    0.1910


error =

    0.1910


error =

    0.1913


error =

    0.1910


error =

    0.1910


error =

    0.1910


error =

    0.1912


error =

    0.1910


error =

    0.1916


error =

    0.1910


error =

    0.1910


error =

    0.1910


error =

    0.1910

   56     878    1.910299e-01    0.000e+00    5.932e+02    5.582e-04

error =

    0.1911


error =

    0.1911


error =

    0.1914


error =

    0.1911


error =

    0.1911


error =

    0.1911


error =

    0.1912


error =

    0.1910


error =

    0.1916


error =

    0.1911


error =

    0.1911


error =

    0.1911


error =

    0.1911

   57     891    1.910820e-01    0.000e+00    4.027e+03    3.699e-04

error =

    0.1994


error =

    0.1934


error =

    0.1917


error =

    0.1913


error =

    0.1946


error =

    0.1930


error =

    0.1921


error =

    0.1914


error =

    0.1912


error =

    0.1911


error =

    0.1911


error =

    0.1914


error =

    0.1911


error =

    0.1911


error =

    0.1911


error =

    0.1913


error =

    0.1911


error =

    0.1917


error =

    0.1911


error =

    0.1911


error =

    0.1911


error =

    0.1911

   58     913    1.911010e-01    0.000e+00    4.723e+01    1.045e-03

error =

    0.1878


error =

    0.1878


error =

    0.1881


error =

    0.1878


error =

    0.1878


error =

    0.1878


error =

    0.1879


error =

    0.1878


error =

    0.1883


error =

    0.1878


error =

    0.1878


error =

    0.1878


error =

    0.1878

   59     926    1.877887e-01    0.000e+00    3.286e+03    6.273e-04

error =

    0.1876


error =

    0.1876


error =

    0.1879


error =

    0.1876


error =

    0.1876


error =

    0.1876


error =

    0.1877


error =

    0.1876


error =

    0.1882


error =

    0.1876


error =

    0.1876


error =

    0.1876


error =

    0.1876

   60     939    1.876164e-01    0.000e+00    1.230e+03    9.529e-04

error =

    0.1875


error =

    0.1876


error =

    0.1878


error =

    0.1875


error =

    0.1875


error =

    0.1875


error =

    0.1876


error =

    0.1876


error =

    0.1881


error =

    0.1875


error =

    0.1875


error =

    0.1875


error =

    0.1875


                                            First-order      Norm of
 Iter F-count            f(x)  Feasibility   optimality         step
   61     952    1.875475e-01    0.000e+00    2.473e+03    3.062e-03

error =

    0.1875


error =

    0.1875


error =

    0.1878


error =

    0.1875


error =

    0.1875


error =

    0.1875


error =

    0.1875


error =

    0.1876


error =

    0.1880


error =

    0.1875


error =

    0.1875


error =

    0.1875


error =

    0.1875

   62     965    1.875183e-01    0.000e+00    1.995e+03    2.935e-05

error =

    0.1873


error =

    0.1873


error =

    0.1875


error =

    0.1873


error =

    0.1872


error =

    0.1873


error =

    0.1873


error =

    0.1873


error =

    0.1878


error =

    0.1873


error =

    0.1873


error =

    0.1873


error =

    0.1873

   63     978    1.872615e-01    0.000e+00    5.852e+03    9.931e-04

error =

    0.1869


error =

    0.1869


error =

    0.1871


error =

    0.1869


error =

    0.1868


error =

    0.1869


error =

    0.1871


error =

    0.1869


error =

    0.1874


error =

    0.1869


error =

    0.1869


error =

    0.1869


error =

    0.1869

   64     991    1.868528e-01    0.000e+00    4.037e+03    3.387e-03

error =

    0.1865


error =

    0.1866


error =

    0.1868


error =

    0.1865


error =

    0.1865


error =

    0.1866


error =

    0.1868


error =

    0.1866


error =

    0.1871


error =

    0.1865


error =

    0.1865


error =

    0.1865


error =

    0.1865

   65    1004    1.865479e-01    0.000e+00    3.631e+03    8.230e-04

error =

    0.1867


error =

    0.1862


error =

    0.1862


error =

    0.1865


error =

    0.1862


error =

    0.1862


error =

    0.1862


error =

    0.1864


error =

    0.1862


error =

    0.1867


error =

    0.1862


error =

    0.1862


error =

    0.1862


error =

    0.1862

   66    1018    1.861904e-01    0.000e+00    4.423e+03    6.470e-04

error =

    0.1861


error =

    0.1861


error =

    0.1864


error =

    0.1861


error =

    0.1861


error =

    0.1861


error =

    0.1862


error =

    0.1862


error =

    0.1867


error =

    0.1861


error =

    0.1861


error =

    0.1861


error =

    0.1861

   67    1031    1.861136e-01    0.000e+00    1.345e+03    8.385e-05

error =

    0.1860


error =

    0.1860


error =

    0.1863


error =

    0.1860


error =

    0.1860


error =

    0.1860


error =

    0.1861


error =

    0.1860


error =

    0.1865


error =

    0.1860


error =

    0.1860


error =

    0.1860


error =

    0.1860

   68    1044    1.860015e-01    0.000e+00    8.293e+02    3.465e-04

error =

    0.1859


error =

    0.1859


error =

    0.1862


error =

    0.1859


error =

    0.1859


error =

    0.1859


error =

    0.1860


error =

    0.1860


error =

    0.1865


error =

    0.1859


error =

    0.1859


error =

    0.1859


error =

    0.1859

   69    1057    1.859205e-01    0.000e+00    2.299e+03    1.439e-03

error =

    0.1857


error =

    0.1858


error =

    0.1860


error =

    0.1857


error =

    0.1857


error =

    0.1857


error =

    0.1858


error =

    0.1858


error =

    0.1863


error =

    0.1857


error =

    0.1857


error =

    0.1857


error =

    0.1857

   70    1070    1.857375e-01    0.000e+00    2.857e+03    6.716e-05

error =

    0.1857


error =

    0.1857


error =

    0.1859


error =

    0.1857


error =

    0.1857


error =

    0.1856


error =

    0.1858


error =

    0.1857


error =

    0.1862


error =

    0.1857


error =

    0.1857


error =

    0.1857


error =

    0.1857

   71    1083    1.856530e-01    0.000e+00    2.565e+03    8.264e-05

error =

    0.1856


error =

    0.1856


error =

    0.1859


error =

    0.1856


error =

    0.1856


error =

    0.1856


error =

    0.1858


error =

    0.1856


error =

    0.1862


error =

    0.1856


error =

    0.1856


error =

    0.1856


error =

    0.1856

   72    1096    1.856047e-01    0.000e+00    7.846e+02    7.614e-05

error =

    0.1856


error =

    0.1856


error =

    0.1856


error =

    0.1859


error =

    0.1856


error =

    0.1856


error =

    0.1856


error =

    0.1858


error =

    0.1856


error =

    0.1861


error =

    0.1856


error =

    0.1856


error =

    0.1856


error =

    0.1856

   73    1110    1.855970e-01    0.000e+00    3.136e+02    1.024e-04

error =

    0.1856


error =

    0.1856


error =

    0.1858


error =

    0.1856


error =

    0.1856


error =

    0.1856


error =

    0.1857


error =

    0.1856


error =

    0.1861


error =

    0.1856


error =

    0.1856


error =

    0.1856


error =

    0.1856

   74    1123    1.855780e-01    0.000e+00    5.925e+02    8.312e-05

error =

    0.1856


error =

    0.1856


error =

    0.1858


error =

    0.1856


error =

    0.1856


error =

    0.1856


error =

    0.1857


error =

    0.1856


error =

    0.1861


error =

    0.1856


error =

    0.1856


error =

    0.1856


error =

    0.1856

   75    1136    1.855787e-01    0.000e+00    2.178e+02    4.916e-05

error =

    0.1856


error =

    0.1856


error =

    0.1858


error =

    0.1856


error =

    0.1856


error =

    0.1856


error =

    0.1857


error =

    0.1856


error =

    0.1861


error =

    0.1856


error =

    0.1856


error =

    0.1856


error =

    0.1856

   76    1149    1.855745e-01    0.000e+00    2.356e+02    8.942e-06

error =

    0.1856


error =

    0.1856


error =

    0.1858


error =

    0.1856


error =

    0.1856


error =

    0.1856


error =

    0.1857


error =

    0.1856


error =

    0.1861


error =

    0.1856


error =

    0.1856


error =

    0.1856


error =

    0.1856

   77    1162    1.855725e-01    0.000e+00    3.829e+02    2.241e-05

error =

    0.1856


error =

    0.1856


error =

    0.1858


error =

    0.1856


error =

    0.1856


error =

    0.1856


error =

    0.1857


error =

    0.1856


error =

    0.1861


error =

    0.1856


error =

    0.1856


error =

    0.1856


error =

    0.1856

   78    1175    1.855711e-01    0.000e+00    1.981e+02    2.681e-05

error =

    0.1856


error =

    0.1856


error =

    0.1856


error =

    0.1856


error =

    0.1858


error =

    0.1856


error =

    0.1856


error =

    0.1856


error =

    0.1857


error =

    0.1856


error =

    0.1861


error =

    0.1856


error =

    0.1856


error =

    0.1856


error =

    0.1856

   79    1190    1.855712e-01    0.000e+00    3.219e+02    7.018e-06

error =

    0.1856


error =

    0.1856


error =

    0.1856


error =

    0.1856


Local minimum possible. Constraints satisfied.

fmincon stopped because the size of the current step is less than
the value of the step size tolerance and constraints are 
satisfied to within the value of the constraint tolerance.


error =

    0.1856

J=1.855712e-01   Err_inp=1.879816e+03

ans =

    0.0000    0.0000
    0.0000    0.0000
    0.0001    0.0000
    0.0000    0.0000
    0.0000    0.0000
    0.0000    0.0000
    0.0000    0.0000
    0.0000    0.0000
    1.1552    0.2438
    0.0615    0.3077
    0.4644    0.1132
    0.2552    0.1002

