
                            < M A T L A B (R) >
                  Copyright 1984-2021 The MathWorks, Inc.
             R2021b Update 7 (9.11.0.2358333) 64-bit (glnxa64)
                              August 16, 2023

 
To get started, type doc.
For product information, visit www.mathworks.com.
 

error =

   10.0085


error =

    6.9425


error =

    6.9428


error =

    6.9443


error =

    6.9419


error =

    6.9455


error =

    6.9433


error =

    6.9958


error =

    6.9444


error =

    6.9449


error =

    6.9425


error =

    6.9425


error =

    6.9425


error =

    6.9425

                                            First-order      Norm of
 Iter F-count            f(x)  Feasibility   optimality         step
    0      13    6.942479e+00    0.000e+00    5.478e+04

error =

    2.9178


error =

    2.9181


error =

    2.9193


error =

    2.9175


error =

    2.9207


error =

    2.9179


error =

    2.9621


error =

    2.9193


error =

    2.9205


error =

    2.9178


error =

    2.9178


error =

    2.9178


error =

    2.9178

    1      26    2.917834e+00    0.000e+00    5.656e+05    4.907e-01

error =

    1.9804


error =

    1.9806


error =

    1.9815


error =

    1.9801


error =

    1.9813


error =

    1.9804


error =

    2.0123


error =

    1.9815


error =

    1.9823


error =

    1.9804


error =

    1.9804


error =

    1.9804


error =

    1.9804

    2      39    1.980367e+00    0.000e+00    1.332e+05    1.375e-02

error =

    1.4241


error =

    1.4243


error =

    1.4246


error =

    1.4240


error =

    1.4215


error =

    1.4241


error =

    1.4367


error =

    1.4246


error =

    1.4249


error =

    1.4241


error =

    1.4241


error =

    1.4241


error =

    1.4241

    3      52    1.424071e+00    0.000e+00    1.387e+06    4.682e-01

error =

    1.4201


error =

    1.4221


error =

    1.4223


error =

    1.4226


error =

    1.4220


error =

    1.4196


error =

    1.4222


error =

    1.4348


error =

    1.4226


error =

    1.4230


error =

    1.4221


error =

    1.4221


error =

    1.4221


error =

    1.4221

    4      66    1.422106e+00    0.000e+00    1.066e+06    1.170e-03

error =

    1.3922


error =

    1.3923


error =

    1.3927


error =

    1.3921


error =

    1.3898


error =

    1.3922


error =

    1.4048


error =

    1.3927


error =

    1.3930


error =

    1.3922


error =

    1.3922


error =

    1.3922


error =

    1.3922

    5      79    1.392163e+00    0.000e+00    6.962e+05    1.399e-03

error =

    1.4328


error =

    1.1082


error =

    1.1085


error =

    1.1094


error =

    1.1081


error =

    1.1092


error =

    1.1082


error =

    1.1257


error =

    1.1092


error =

    1.1104


error =

    1.1082


error =

    1.1082


error =

    1.1082


error =

    1.1082

    6      93    1.108192e+00    0.000e+00    3.717e+05    1.587e-02

error =

    0.8550


error =

    0.8554


error =

    0.8561


error =

    0.8550


error =

    0.8557


error =

    0.8551


error =

    0.8677


error =

    0.8558


error =

    0.8569


error =

    0.8550


error =

    0.8550


error =

    0.8550


error =

    0.8550

    7     106    8.550427e-01    0.000e+00    5.401e+05    4.723e-03

error =

    0.7946


error =

    0.7857


error =

    0.7948


error =

    0.7946


error =

    0.7947


error =

    0.7947


error =

    0.7988


error =

    0.7944


error =

    0.7940


error =

    0.7946


error =

    0.7946


error =

    0.7946


error =

    0.7946

    8     119    7.945855e-01    0.000e+00    1.088e+06    2.604e-03

error =

    0.9771


error =

    0.5163


error =

    0.5150


error =

    0.5166


error =

    0.5163


error =

    0.5160


error =

    0.5165


error =

    0.5191


error =

    0.5166


error =

    0.5169


error =

    0.5163


error =

    0.5163


error =

    0.5163


error =

    0.5163

    9     133    5.163419e-01    0.000e+00    1.181e+06    5.575e-03

error =

    0.4147


error =

    0.4132


error =

    0.4148


error =

    0.4147


error =

    0.4146


error =

    0.4129


error =

    0.4146


error =

    0.4146


error =

    0.4153


error =

    0.4147


error =

    0.4147


error =

    0.4147


error =

    0.4147

   10     146    4.146714e-01    0.000e+00    1.263e+06    5.279e-03

error =

    0.8035


error =

    0.4665


error =

    0.3856


error =

    0.3851


error =

    0.3859


error =

    0.3856


error =

    0.3857


error =

    0.3855


error =

    0.3872


error =

    0.3857


error =

    0.3867


error =

    0.3856


error =

    0.3856


error =

    0.3856


error =

    0.3856

   11     161    3.855722e-01    0.000e+00    1.144e+06    5.988e-03

error =

    0.7130


error =

    0.4332


error =

    0.3890


error =

    0.3826


error =

    0.3818


error =

    0.3829


error =

    0.3826


error =

    0.3827


error =

    0.3826


error =

    0.3841


error =

    0.3827


error =

    0.3836


error =

    0.3826


error =

    0.3826


error =

    0.3826


error =

    0.3826

   12     177    3.825697e-01    0.000e+00    1.127e+06    9.292e-04

error =

    0.9503


error =

    0.3677


error =

    0.3672


error =

    0.3679


error =

    0.3677


error =

    0.3675


error =

    0.3676


error =

    0.3675


error =

    0.3677


error =

    0.3682


error =

    0.3677


error =

    0.3677


error =

    0.3677


error =

    0.3677

   13     191    3.676986e-01    0.000e+00    8.732e+05    7.119e-03

error =

    0.3312


error =

    0.3309


error =

    0.3314


error =

    0.3312


error =

    0.3312


error =

    0.3309


error =

    0.3319


error =

    0.3312


error =

    0.3320


error =

    0.3312


error =

    0.3312


error =

    0.3312


error =

    0.3312

   14     204    3.311711e-01    0.000e+00    1.470e+05    4.535e-03

error =

    0.3679


error =

    0.3310


error =

    0.3310


error =

    0.3312


error =

    0.3310


error =

    0.3309


error =

    0.3302


error =

    0.3312


error =

    0.3310


error =

    0.3317


error =

    0.3310


error =

    0.3310


error =

    0.3310


error =

    0.3310

   15     218    3.309676e-01    0.000e+00    1.254e+05    2.279e-02

error =

    1.0033


error =

    0.4016


error =

    0.3364


error =

    0.3271


error =

    0.3271


error =

    0.3273


error =

    0.3271


error =

    0.3270


error =

    0.3268


error =

    0.3271


error =

    0.3271


error =

    0.3278


error =

    0.3271


error =

    0.3271


error =

    0.3271


error =

    0.3271

   16     234    3.271142e-01    0.000e+00    1.382e+05    2.378e-03

error =

    0.3178


error =

    0.3175


error =

    0.3180


error =

    0.3178


error =

    0.3176


error =

    0.3179


error =

    0.3179


error =

    0.3177


error =

    0.3184


error =

    0.3178


error =

    0.3178


error =

    0.3178


error =

    0.3178

   17     247    3.177556e-01    0.000e+00    9.840e+04    2.355e-02

error =

    0.2939


error =

    0.2936


error =

    0.2942


error =

    0.2939


error =

    0.2939


error =

    0.2941


error =

    0.2940


error =

    0.2938


error =

    0.2945


error =

    0.2939


error =

    0.2939


error =

    0.2939


error =

    0.2939

   18     260    2.939082e-01    0.000e+00    5.720e+04    3.946e-02

error =

    0.2939


error =

    0.2932


error =

    0.2928


error =

    0.2934


error =

    0.2932


error =

    0.2931


error =

    0.2933


error =

    0.2935


error =

    0.2931


error =

    0.2938


error =

    0.2932


error =

    0.2932


error =

    0.2932


error =

    0.2932

   19     274    2.931547e-01    0.000e+00    3.287e+04    1.115e-03

error =

    0.4704


error =

    0.3346


error =

    0.2982


error =

    0.2912


error =

    0.2911


error =

    0.2915


error =

    0.2912


error =

    0.2913


error =

    0.2913


error =

    0.2919


error =

    0.2912


error =

    0.2920


error =

    0.2912


error =

    0.2912


error =

    0.2912


error =

    0.2912

   20     290    2.911952e-01    0.000e+00    9.733e+03    3.033e-03

error =

    0.3453


error =

    0.2991


error =

    0.2918


error =

    0.2919


error =

    0.2923


error =

    0.2918


error =

    0.2919


error =

    0.2921


error =

    0.2929


error =

    0.2919


error =

    0.2927


error =

    0.2918


error =

    0.2918


error =

    0.2918


error =

    0.2918

   21     305    2.918463e-01    0.000e+00    1.562e+04    1.198e-02

error =

    1.0445


error =

    0.3825


error =

    0.3125


error =

    0.2974


error =

    0.5136


error =

    0.3501


error =

    0.3047


error =

    0.2903


error =

    0.2905


error =

    0.2907


error =

    0.2903


error =

    0.2902


error =

    0.2905


error =

    0.2909


error =

    0.2903


error =

    0.2910


error =

    0.2903


error =

    0.2903


error =

    0.2903


error =

    0.2903

   22     325    2.902719e-01    0.000e+00    1.577e+03    2.116e-02

error =

    0.3851


error =

    0.2894


error =

    0.2896


error =

    0.2897


error =

    0.2893


error =

    0.2893


error =

    0.2896


error =

    0.2900


error =

    0.2894


error =

    0.2901


error =

    0.2894


error =

    0.2894


error =

    0.2894


error =

    0.2894

   23     339    2.893558e-01    0.000e+00    2.619e+03    4.257e-03

error =

    0.4862


error =

    0.2982


error =

    0.2833


error =

    0.2833


error =

    0.2836


error =

    0.2833


error =

    0.2833


error =

    0.2835


error =

    0.2838


error =

    0.2833


error =

    0.2841


error =

    0.2833


error =

    0.2833


error =

    0.2833


error =

    0.2833

   24     354    2.833014e-01    0.000e+00    1.700e+04    1.309e-02

error =

    0.3192


error =

    0.2851


error =

    0.2811


error =

    0.2810


error =

    0.2814


error =

    0.2811


error =

    0.2811


error =

    0.2812


error =

    0.2815


error =

    0.2811


error =

    0.2818


error =

    0.2811


error =

    0.2811


error =

    0.2811


error =

    0.2811

   25     369    2.810992e-01    0.000e+00    1.805e+04    5.525e-03

error =

    0.3161


error =

    0.2885


error =

    0.2824


error =

    0.2811


error =

    0.2811


error =

    0.2814


error =

    0.2811


error =

    0.2811


error =

    0.2812


error =

    0.2816


error =

    0.2811


error =

    0.2818


error =

    0.2811


error =

    0.2811


error =

    0.2811


error =

    0.2811

   26     385    2.811157e-01    0.000e+00    1.159e+04    3.261e-03

error =

    0.2832


error =

    0.2805


error =

    0.2806


error =

    0.2809


error =

    0.2805


error =

    0.2805


error =

    0.2807


error =

    0.2815


error =

    0.2806


error =

    0.2813


error =

    0.2805


error =

    0.2805


error =

    0.2805


error =

    0.2805

   27     399    2.805405e-01    0.000e+00    2.416e+04    1.660e-03

error =

    0.2906


error =

    0.2810


error =

    0.2795


error =

    0.2795


error =

    0.2799


error =

    0.2795


error =

    0.2796


error =

    0.2796


error =

    0.2804


error =

    0.2796


error =

    0.2803


error =

    0.2795


error =

    0.2795


error =

    0.2795


error =

    0.2795

   28     414    2.795229e-01    0.000e+00    1.618e+04    2.684e-03

error =

    0.2826


error =

    0.2793


error =

    0.2790


error =

    0.2790


error =

    0.2793


error =

    0.2790


error =

    0.2790


error =

    0.2791


error =

    0.2795


error =

    0.2790


error =

    0.2797


error =

    0.2790


error =

    0.2790


error =

    0.2790


error =

    0.2790

   29     429    2.789667e-01    0.000e+00    3.398e+03    7.558e-04

error =

    1.0760


error =

    0.3446


error =

    0.2848


error =

    0.2774


error =

    0.2774


error =

    0.2777


error =

    0.2774


error =

    0.2774


error =

    0.2774


error =

    0.2777


error =

    0.2774


error =

    0.2781


error =

    0.2774


error =

    0.2774


error =

    0.2774


error =

    0.2774

   30     445    2.774088e-01    0.000e+00    1.714e+04    9.743e-03

error =

    0.2813


error =

    0.2765


error =

    0.2764


error =

    0.2768


error =

    0.2765


error =

    0.2764


error =

    0.2766


error =

    0.2771


error =

    0.2765


error =

    0.2772


error =

    0.2765


error =

    0.2765


error =

    0.2765


error =

    0.2765


                                            First-order      Norm of
 Iter F-count            f(x)  Feasibility   optimality         step
   31     459    2.764720e-01    0.000e+00    6.731e+03    4.450e-03

error =

    0.2963


error =

    0.2802


error =

    0.2766


error =

    0.2760


error =

    0.2760


error =

    0.2764


error =

    0.2760


error =

    0.2760


error =

    0.2762


error =

    0.2769


error =

    0.2761


error =

    0.2768


error =

    0.2760


error =

    0.2760


error =

    0.2760


error =

    0.2760

   32     475    2.760268e-01    0.000e+00    2.160e+04    2.198e-03

error =

    0.2826


error =

    0.2741


error =

    0.2741


error =

    0.2744


error =

    0.2741


error =

    0.2741


error =

    0.2741


error =

    0.2743


error =

    0.2740


error =

    0.2748


error =

    0.2741


error =

    0.2741


error =

    0.2741


error =

    0.2741

   33     489    2.740553e-01    0.000e+00    2.646e+04    5.122e-03

error =

    0.2770


error =

    0.2735


error =

    0.2736


error =

    0.2739


error =

    0.2735


error =

    0.2735


error =

    0.2735


error =

    0.2737


error =

    0.2735


error =

    0.2742


error =

    0.2735


error =

    0.2735


error =

    0.2735


error =

    0.2735

   34     503    2.735086e-01    0.000e+00    2.721e+04    1.707e-03

error =

    0.2953


error =

    0.2746


error =

    0.2715


error =

    0.2715


error =

    0.2719


error =

    0.2715


error =

    0.2715


error =

    0.2715


error =

    0.2721


error =

    0.2716


error =

    0.2722


error =

    0.2715


error =

    0.2715


error =

    0.2715


error =

    0.2715

   35     518    2.715163e-01    0.000e+00    2.197e+03    3.664e-03

error =

    0.2840


error =

    0.2748


error =

    0.2725


error =

    0.2719


error =

    0.2805


error =

    0.2732


error =

    0.2718


error =

    0.2713


error =

    0.2713


error =

    0.2716


error =

    0.2713


error =

    0.2713


error =

    0.2712


error =

    0.2718


error =

    0.2713


error =

    0.2720


error =

    0.2713


error =

    0.2713


error =

    0.2713


error =

    0.2713

   36     538    2.712731e-01    0.000e+00    3.984e+03    2.472e-03

error =

    0.2794


error =

    0.2707


error =

    0.2707


error =

    0.2710


error =

    0.2707


error =

    0.2707


error =

    0.2706


error =

    0.2711


error =

    0.2707


error =

    0.2714


error =

    0.2707


error =

    0.2707


error =

    0.2707


error =

    0.2707

   37     552    2.706853e-01    0.000e+00    7.315e+03    9.288e-04

error =

    0.4356


error =

    0.2863


error =

    0.2712


error =

    0.2696


error =

    0.2696


error =

    0.2700


error =

    0.2696


error =

    0.2696


error =

    0.2697


error =

    0.2699


error =

    0.2696


error =

    0.2703


error =

    0.2696


error =

    0.2696


error =

    0.2696


error =

    0.2696

   38     568    2.696471e-01    0.000e+00    2.132e+04    4.866e-03

error =

    0.2804


error =

    0.2716


error =

    0.2699


error =

    0.2696


error =

    0.2695


error =

    0.2699


error =

    0.2696


error =

    0.2696


error =

    0.2696


error =

    0.2698


error =

    0.2696


error =

    0.2703


error =

    0.2696


error =

    0.2696


error =

    0.2696


error =

    0.2696

   39     584    2.695802e-01    0.000e+00    2.087e+04    2.179e-03

error =

    0.2690


error =

    0.2689


error =

    0.2693


error =

    0.2690


error =

    0.2690


error =

    0.2690


error =

    0.2691


error =

    0.2689


error =

    0.2697


error =

    0.2690


error =

    0.2690


error =

    0.2690


error =

    0.2690

   40     597    2.689649e-01    0.000e+00    2.130e+04    9.221e-04

error =

    0.3016


error =

    0.2754


error =

    0.2692


error =

    0.2693


error =

    0.2695


error =

    0.2692


error =

    0.2692


error =

    0.2692


error =

    0.2698


error =

    0.2693


error =

    0.2699


error =

    0.2692


error =

    0.2692


error =

    0.2692


error =

    0.2692

   41     612    2.692178e-01    0.000e+00    9.202e+03    1.829e-03

error =

    0.2753


error =

    0.2682


error =

    0.2682


error =

    0.2684


error =

    0.2682


error =

    0.2682


error =

    0.2680


error =

    0.2683


error =

    0.2681


error =

    0.2689


error =

    0.2682


error =

    0.2682


error =

    0.2682


error =

    0.2682

   42     626    2.681502e-01    0.000e+00    2.128e+04    1.328e-02

error =

    0.4528


error =

    0.2768


error =

    0.2667


error =

    0.2667


error =

    0.2670


error =

    0.2667


error =

    0.2667


error =

    0.2666


error =

    0.2666


error =

    0.2666


error =

    0.2674


error =

    0.2667


error =

    0.2667


error =

    0.2667


error =

    0.2667

   43     641    2.666661e-01    0.000e+00    3.926e+04    5.948e-03

error =

    0.2618


error =

    0.2618


error =

    0.2621


error =

    0.2618


error =

    0.2619


error =

    0.2619


error =

    0.2616


error =

    0.2617


error =

    0.2625


error =

    0.2618


error =

    0.2618


error =

    0.2618


error =

    0.2618

   44     654    2.618377e-01    0.000e+00    4.931e+04    2.115e-02

error =

    0.2596


error =

    0.2596


error =

    0.2600


error =

    0.2596


error =

    0.2596


error =

    0.2598


error =

    0.2603


error =

    0.2597


error =

    0.2603


error =

    0.2596


error =

    0.2596


error =

    0.2596


error =

    0.2596

   45     667    2.596189e-01    0.000e+00    1.638e+04    3.954e-03

error =

    0.2668


error =

    0.2607


error =

    0.2594


error =

    0.2593


error =

    0.2598


error =

    0.2594


error =

    0.2594


error =

    0.2596


error =

    0.2604


error =

    0.2595


error =

    0.2601


error =

    0.2594


error =

    0.2594


error =

    0.2594


error =

    0.2594

   46     682    2.594049e-01    0.000e+00    3.570e+04    6.528e-03

error =

    0.2560


error =

    0.2560


error =

    0.2563


error =

    0.2560


error =

    0.2560


error =

    0.2560


error =

    0.2564


error =

    0.2560


error =

    0.2567


error =

    0.2560


error =

    0.2560


error =

    0.2560


error =

    0.2560

   47     695    2.560234e-01    0.000e+00    2.449e+03    1.374e-03

error =

    0.2611


error =

    0.2569


error =

    0.2560


error =

    0.2559


error =

    0.2560


error =

    0.2562


error =

    0.2559


error =

    0.2559


error =

    0.2559


error =

    0.2562


error =

    0.2559


error =

    0.2566


error =

    0.2559


error =

    0.2559


error =

    0.2559


error =

    0.2559

   48     711    2.559203e-01    0.000e+00    9.332e+03    1.202e-03

error =

    0.2559


error =

    0.2552


error =

    0.2553


error =

    0.2555


error =

    0.2552


error =

    0.2552


error =

    0.2551


error =

    0.2553


error =

    0.2552


error =

    0.2559


error =

    0.2552


error =

    0.2552


error =

    0.2552


error =

    0.2552

   49     725    2.552339e-01    0.000e+00    2.321e+04    5.388e-03

error =

    0.2536


error =

    0.2536


error =

    0.2539


error =

    0.2536


error =

    0.2536


error =

    0.2535


error =

    0.2538


error =

    0.2535


error =

    0.2542


error =

    0.2536


error =

    0.2536


error =

    0.2536


error =

    0.2536

   50     738    2.535557e-01    0.000e+00    1.531e+04    3.388e-03

error =

    0.2542


error =

    0.2487


error =

    0.2486


error =

    0.2490


error =

    0.2487


error =

    0.2487


error =

    0.2488


error =

    0.2495


error =

    0.2488


error =

    0.2494


error =

    0.2487


error =

    0.2487


error =

    0.2487


error =

    0.2487

   51     752    2.486966e-01    0.000e+00    2.277e+04    3.018e-02

error =

    0.2468


error =

    0.2468


error =

    0.2471


error =

    0.2468


error =

    0.2468


error =

    0.2469


error =

    0.2474


error =

    0.2468


error =

    0.2475


error =

    0.2468


error =

    0.2468


error =

    0.2468


error =

    0.2468

   52     765    2.468132e-01    0.000e+00    7.073e+03    3.846e-03

error =

    0.2447


error =

    0.2448


error =

    0.2451


error =

    0.2447


error =

    0.2448


error =

    0.2447


error =

    0.2450


error =

    0.2447


error =

    0.2454


error =

    0.2447


error =

    0.2447


error =

    0.2447


error =

    0.2447

   53     778    2.447473e-01    0.000e+00    1.446e+04    1.027e-02

error =

    0.2450


error =

    0.2446


error =

    0.2447


error =

    0.2450


error =

    0.2446


error =

    0.2446


error =

    0.2447


error =

    0.2450


error =

    0.2446


error =

    0.2453


error =

    0.2446


error =

    0.2446


error =

    0.2446


error =

    0.2446

   54     792    2.446438e-01    0.000e+00    7.806e+03    2.449e-03

error =

    0.2438


error =

    0.2438


error =

    0.2441


error =

    0.2438


error =

    0.2438


error =

    0.2438


error =

    0.2443


error =

    0.2438


error =

    0.2444


error =

    0.2438


error =

    0.2438


error =

    0.2438


error =

    0.2438

   55     805    2.437696e-01    0.000e+00    4.319e+03    2.449e-03

error =

    0.2442


error =

    0.2440


error =

    0.2439


error =

    0.2438


error =

    0.2442


error =

    0.2443


error =

    0.2440


error =

    0.2439


error =

    0.2438


error =

    0.2438


error =

    0.2438


error =

    0.2438


error =

    0.2438


error =

    0.2438


error =

    0.2438


error =

    0.2438


error =

    0.2438


error =

    0.2438


error =

    0.2438


Local minimum possible. Constraints satisfied.

fmincon stopped because the size of the current step is less than
the value of the step size tolerance and constraints are 
satisfied to within the value of the constraint tolerance.


error =

    0.2438

J=2.437696e-01   Err_inp=1.278991e+03

ans =

    0.0000    0.0000
    0.0000    0.0000
    0.0001    0.0000
    0.0000    0.0000
    0.0000    0.0000
    0.0000    0.0000
    0.0000    0.0000
    0.0000    0.0000
    0.3492    0.2438
    0.0966    0.3077
    0.5453    0.1132
    0.0828    0.1002

