
                            < M A T L A B (R) >
                  Copyright 1984-2021 The MathWorks, Inc.
             R2021b Update 7 (9.11.0.2358333) 64-bit (glnxa64)
                              August 16, 2023

 
To get started, type doc.
For product information, visit www.mathworks.com.
 

error =

   10.0085


error =

   49.5170


error =

   49.5283


error =

   49.5217


error =

   49.5145


error =

   49.5192


error =

   49.5213


error =

   49.5560


error =

   49.5223


error =

   49.5279


error =

   49.5170


error =

   49.5170


error =

   49.5170


error =

   49.5170

                                            First-order      Norm of
 Iter F-count            f(x)  Feasibility   optimality         step
    0      13    4.951703e+01    0.000e+00    5.308e+05

error =

   29.1360


error =

   29.1480


error =

   29.1432


error =

   29.1341


error =

   29.1375


error =

   29.1415


error =

   29.1728


error =

   29.1434


error =

   29.1503


error =

   29.1360


error =

   29.1360


error =

   29.1360


error =

   29.1360

    1      26    2.913603e+01    0.000e+00    5.796e+05    1.327e+00

error =

   27.2018


error =

   27.2136


error =

   27.2091


error =

   27.2000


error =

   27.2031


error =

   27.2073


error =

   27.2375


error =

   27.2092


error =

   27.2161


error =

   27.2018


error =

   27.2018


error =

   27.2018


error =

   27.2018

    2      39    2.720178e+01    0.000e+00    5.694e+05    7.018e-03

error =

    1.8728


error =

    1.8787


error =

    1.8757


error =

    1.8732


error =

    1.8731


error =

    1.8769


error =

    1.8783


error =

    1.8753


error =

    1.8777


error =

    1.8728


error =

    1.8728


error =

    1.8728


error =

    1.8728

    3      52    1.872846e+00    0.000e+00    8.477e+05    3.330e-01

error =

    0.5627


error =

    0.5638


error =

    0.5635


error =

    0.5628


error =

    0.5629


error =

    0.5634


error =

    0.5633


error =

    0.5629


error =

    0.5643


error =

    0.5627


error =

    0.5627


error =

    0.5627


error =

    0.5627

    4      65    5.627448e-01    0.000e+00    9.467e+05    1.074e-02

error =

    0.8491


error =

    0.3866


error =

    0.3862


error =

    0.3872


error =

    0.3867


error =

    0.3868


error =

    0.3870


error =

    0.3872


error =

    0.3867


error =

    0.3875


error =

    0.3866


error =

    0.3866


error =

    0.3866


error =

    0.3866

    5      79    3.866151e-01    0.000e+00    5.414e+05    5.173e-03

error =

    0.9002


error =

    0.3797


error =

    0.3792


error =

    0.3803


error =

    0.3797


error =

    0.3797


error =

    0.3818


error =

    0.3810


error =

    0.3799


error =

    0.3803


error =

    0.3797


error =

    0.3797


error =

    0.3797


error =

    0.3797

    6      93    3.797172e-01    0.000e+00    2.530e+05    5.746e-03

error =

    0.5353


error =

    0.5354


error =

    0.5364


error =

    0.5353


error =

    0.5355


error =

    0.5389


error =

    0.5372


error =

    0.5357


error =

    0.5364


error =

    0.5353


error =

    0.5353


error =

    0.5353


error =

    0.5353

    7     106    5.352718e-01    0.000e+00    9.034e+04    2.530e-02

error =

    0.8210


error =

    0.3553


error =

    0.3553


error =

    0.3559


error =

    0.3553


error =

    0.3553


error =

    0.3567


error =

    0.3564


error =

    0.3555


error =

    0.3559


error =

    0.3553


error =

    0.3553


error =

    0.3553


error =

    0.3553

    8     120    3.553244e-01    0.000e+00    6.102e+04    1.521e-01

error =

    0.5377


error =

    0.5379


error =

    0.5389


error =

    0.5376


error =

    0.5379


error =

    0.5413


error =

    0.5393


error =

    0.5380


error =

    0.5387


error =

    0.5377


error =

    0.5377


error =

    0.5377


error =

    0.5377

    9     133    5.376838e-01    0.000e+00    9.075e+04    1.712e-01

error =

    0.6794


error =

    0.5895


error =

    0.5598


error =

    0.5479


error =

    0.6747


error =

    0.5188


error =

    0.5182


error =

    0.5199


error =

    0.5188


error =

    0.5190


error =

    0.5221


error =

    0.5203


error =

    0.5192


error =

    0.5198


error =

    0.5188


error =

    0.5188


error =

    0.5188


error =

    0.5188

   10     151    5.188323e-01    0.000e+00    3.911e+04    9.761e-02

error =

    0.3483


error =

    0.4037


error =

    0.4032


error =

    0.4045


error =

    0.4037


error =

    0.4038


error =

    0.4058


error =

    0.4049


error =

    0.4039


error =

    0.4044


error =

    0.4037


error =

    0.4037


error =

    0.4037


error =

    0.4037

   11     165    4.036790e-01    0.000e+00    7.565e+04    6.472e-02

error =

    0.3302


error =

    0.3410


error =

    0.3650


error =

    0.3647


error =

    0.3657


error =

    0.3650


error =

    0.3651


error =

    0.3665


error =

    0.3661


error =

    0.3652


error =

    0.3657


error =

    0.3650


error =

    0.3650


error =

    0.3650


error =

    0.3650

   12     180    3.650324e-01    0.000e+00    1.235e+05    6.953e-02

error =

    0.5094


error =

    0.5101


error =

    0.5106


error =

    0.5093


error =

    0.5096


error =

    0.5129


error =

    0.5108


error =

    0.5097


error =

    0.5102


error =

    0.5094


error =

    0.5094


error =

    0.5094


error =

    0.5094

   13     193    5.094303e-01    0.000e+00    4.630e+04    8.693e-02

error =

    3.3704


error =

    1.2462


error =

    0.8104


error =

    0.6475


error =

    1.2111


error =

    0.7180


error =

    0.5462


error =

    0.5470


error =

    0.5475


error =

    0.5461


error =

    0.5464


error =

    0.5498


error =

    0.5477


error =

    0.5465


error =

    0.5470


error =

    0.5462


error =

    0.5462


error =

    0.5462


error =

    0.5462

   14     212    5.462294e-01    0.000e+00    9.118e+03    1.191e-01

error =

    0.3678


error =

    0.3682


error =

    0.3682


error =

    0.3678


error =

    0.3676


error =

    0.3679


error =

    0.3685


error =

    0.3679


error =

    0.3682


error =

    0.3678


error =

    0.3678


error =

    0.3678


error =

    0.3678

   15     225    3.678240e-01    0.000e+00    2.316e+05    6.646e-01

error =

    0.5253


error =

    0.3879


error =

    0.3885


error =

    0.3885


error =

    0.3879


error =

    0.3882


error =

    0.3885


error =

    0.3890


error =

    0.3880


error =

    0.3886


error =

    0.3879


error =

    0.3879


error =

    0.3879


error =

    0.3879

   16     239    3.878868e-01    0.000e+00    1.486e+05    8.973e-02

error =

    0.3029


error =

    0.3030


error =

    0.3032


error =

    0.3029


error =

    0.3030


error =

    0.3025


error =

    0.3037


error =

    0.3029


error =

    0.3035


error =

    0.3029


error =

    0.3029


error =

    0.3029


error =

    0.3029

   17     252    3.028662e-01    0.000e+00    9.190e+04    1.378e-01

error =

    0.4927


error =

    0.3525


error =

    0.3531


error =

    0.3532


error =

    0.3525


error =

    0.3527


error =

    0.3532


error =

    0.3543


error =

    0.3527


error =

    0.3534


error =

    0.3525


error =

    0.3525


error =

    0.3525


error =

    0.3525

   18     266    3.525282e-01    0.000e+00    4.526e+04    1.581e-01

error =

    0.3385


error =

    0.3250


error =

    0.3252


error =

    0.3255


error =

    0.3250


error =

    0.3252


error =

    0.3255


error =

    0.3269


error =

    0.3252


error =

    0.3260


error =

    0.3250


error =

    0.3250


error =

    0.3250


error =

    0.3250

   19     280    3.249654e-01    0.000e+00    5.829e+04    4.343e-01

error =

    0.7529


error =

    0.3125


error =

    0.2930


error =

    0.2928


error =

    0.2935


error =

    0.2930


error =

    0.2931


error =

    0.2935


error =

    0.2946


error =

    0.2932


error =

    0.2938


error =

    0.2930


error =

    0.2930


error =

    0.2930


error =

    0.2930

   20     295    2.930185e-01    0.000e+00    3.911e+04    3.340e-02

error =

    0.7210


error =

    0.3366


error =

    0.2913


error =

    0.2876


error =

    0.2875


error =

    0.2880


error =

    0.2876


error =

    0.2876


error =

    0.2881


error =

    0.2890


error =

    0.2878


error =

    0.2883


error =

    0.2876


error =

    0.2876


error =

    0.2876


error =

    0.2876

   21     311    2.876051e-01    0.000e+00    2.097e+04    2.503e-02

error =

    0.5538


error =

    0.3496


error =

    0.3045


error =

    0.2928


error =

    0.2883


error =

    0.2873


error =

    0.2879


error =

    0.2879


error =

    0.2877


error =

    0.2877


error =

    0.2876


error =

    0.2876


error =

    0.2876


error =

    0.2876


error =

    0.2876


error =

    0.2876


error =

    0.2876


error =

    0.2876


error =

    0.2876


error =

    0.2876


error =

    0.2876


error =

    0.2876


Local minimum possible. Constraints satisfied.

fmincon stopped because the size of the current step is less than
the value of the step size tolerance and constraints are 
satisfied to within the value of the constraint tolerance.


error =

    0.2876

J=2.876051e-01   Err_inp=1.314074e+03

ans =

    0.0000    0.0000
    0.0000    0.0000
    0.0001    0.0000
    0.0000    0.0000
    0.0000    0.0000
    0.0000    0.0000
    0.0000    0.0000
    0.0000    0.0000
    0.6786    0.2438
    0.4183    0.3077
    0.4820    0.1132
    0.2650    0.1002

