
                            < M A T L A B (R) >
                  Copyright 1984-2021 The MathWorks, Inc.
             R2021b Update 7 (9.11.0.2358333) 64-bit (glnxa64)
                              August 16, 2023

 
To get started, type doc.
For product information, visit www.mathworks.com.
 

error =

   10.0085


error =

   11.6315


error =

   11.6345


error =

   11.6402


error =

   11.6278


error =

   11.6324


error =

   11.6590


error =

   11.6321


error =

   11.6303


error =

   11.6312


error =

   11.6315


error =

   11.6315


error =

   11.6315


error =

   11.6315

                                            First-order      Norm of
 Iter F-count            f(x)  Feasibility   optimality         step
    0      13    1.163151e+01    0.000e+00    2.468e+05

error =

    5.3479


error =

    5.3508


error =

    5.3530


error =

    5.3467


error =

    5.3489


error =

    5.3678


error =

    5.3484


error =

    5.3477


error =

    5.3485


error =

    5.3479


error =

    5.3479


error =

    5.3479


error =

    5.3479

    1      26    5.347889e+00    0.000e+00    3.130e+05    1.257e+00

error =

    0.8658


error =

    0.8666


error =

    0.8663


error =

    0.8658


error =

    0.8654


error =

    0.8738


error =

    0.8663


error =

    0.8658


error =

    0.8657


error =

    0.8658


error =

    0.8658


error =

    0.8658


error =

    0.8658

    2      39    8.658441e-01    0.000e+00    5.269e+05    9.683e-02

error =

    0.8997


error =

    0.9010


error =

    0.9006


error =

    0.8996


error =

    0.9002


error =

    0.9070


error =

    0.9005


error =

    0.8998


error =

    0.9001


error =

    0.8997


error =

    0.8997


error =

    0.8997


error =

    0.8997

    3      52    8.997032e-01    0.000e+00    3.204e+05    2.650e-02

error =

    0.7250


error =

    0.7253


error =

    0.7256


error =

    0.7250


error =

    0.7253


error =

    0.7293


error =

    0.7258


error =

    0.7251


error =

    0.7257


error =

    0.7250


error =

    0.7250


error =

    0.7250


error =

    0.7250

    4      65    7.250071e-01    0.000e+00    2.484e+05    6.924e-02

error =

    0.5978


error =

    0.6580


error =

    0.6583


error =

    0.6587


error =

    0.6580


error =

    0.6584


error =

    0.6620


error =

    0.6589


error =

    0.6581


error =

    0.6586


error =

    0.6580


error =

    0.6580


error =

    0.6580


error =

    0.6580

    5      79    6.580386e-01    0.000e+00    1.606e+05    7.046e-02

error =

    0.9956


error =

    0.5412


error =

    0.5415


error =

    0.5417


error =

    0.5412


error =

    0.5412


error =

    0.5441


error =

    0.5421


error =

    0.5413


error =

    0.5415


error =

    0.5412


error =

    0.5412


error =

    0.5412


error =

    0.5412

    6      93    5.411995e-01    0.000e+00    1.467e+05    2.732e-02

error =

    0.4693


error =

    0.4697


error =

    0.4699


error =

    0.4693


error =

    0.4694


error =

    0.4718


error =

    0.4702


error =

    0.4694


error =

    0.4697


error =

    0.4693


error =

    0.4693


error =

    0.4693


error =

    0.4693

    7     106    4.692847e-01    0.000e+00    5.971e+04    9.665e-02

error =

    0.5710


error =

    0.4845


error =

    0.4850


error =

    0.4852


error =

    0.4844


error =

    0.4844


error =

    0.4871


error =

    0.4855


error =

    0.4846


error =

    0.4848


error =

    0.4845


error =

    0.4845


error =

    0.4845


error =

    0.4845

    8     120    4.844766e-01    0.000e+00    1.931e+04    1.645e-01

error =

    0.7709


error =

    0.5752


error =

    0.5018


error =

    0.5024


error =

    0.5027


error =

    0.5018


error =

    0.5020


error =

    0.5049


error =

    0.5030


error =

    0.5019


error =

    0.5023


error =

    0.5018


error =

    0.5018


error =

    0.5018


error =

    0.5018

    9     135    5.017878e-01    0.000e+00    2.086e+04    9.782e-02

error =

    0.6093


error =

    0.5533


error =

    0.5225


error =

    0.5099


error =

    0.5413


error =

    0.4970


error =

    0.4801


error =

    0.4806


error =

    0.4809


error =

    0.4801


error =

    0.4803


error =

    0.4830


error =

    0.4813


error =

    0.4802


error =

    0.4806


error =

    0.4801


error =

    0.4801


error =

    0.4801


error =

    0.4801

   10     154    4.800822e-01    0.000e+00    1.920e+00    1.059e-01

Local minimum found that satisfies the constraints.

Optimization completed because the objective function is non-decreasing in 
feasible directions, to within the value of the optimality tolerance,
and constraints are satisfied to within the value of the constraint tolerance.


error =

    0.4801

J=4.800822e-01   Err_inp=1.387555e+03

ans =

    0.0000    0.0000
    0.0000    0.0000
    0.0001    0.0000
    0.0000    0.0000
    0.0000    0.0000
    0.0000    0.0000
    0.0000    0.0000
    0.0000    0.0000
    0.8963    0.2438
    0.2732    0.3077
    0.4926    0.1132
    0.1652    0.1002

