
                            < M A T L A B (R) >
                  Copyright 1984-2021 The MathWorks, Inc.
             R2021b Update 7 (9.11.0.2358333) 64-bit (glnxa64)
                              August 16, 2023

 
To get started, type doc.
For product information, visit www.mathworks.com.
 

error =

   10.0085


error =

   22.9285


error =

   22.9446


error =

   22.9305


error =

   22.9253


error =

   22.9320


error =

   22.9747


error =

   22.9286


error =

   22.9271


error =

   22.9272


error =

   22.9285


error =

   22.9285


error =

   22.9285


error =

   22.9285

                                            First-order      Norm of
 Iter F-count            f(x)  Feasibility   optimality         step
    0      13    2.292847e+01    0.000e+00    4.058e+05

error =

    9.4613


error =

    9.4700


error =

    9.4641


error =

    9.4600


error =

    9.4636


error =

    9.4957


error =

    9.4614


error =

    9.4607


error =

    9.4612


error =

    9.4613


error =

    9.4613


error =

    9.4613


error =

    9.4613

    1      26    9.461262e+00    0.000e+00    7.918e+05    1.184e+00

error =

    4.2750


error =

    4.2804


error =

    4.2771


error =

    4.2748


error =

    4.2766


error =

    4.2986


error =

    4.2751


error =

    4.2749


error =

    4.2753


error =

    4.2750


error =

    4.2750


error =

    4.2750


error =

    4.2750

    2      39    4.274993e+00    0.000e+00    4.237e+05    1.340e-01

error =

    1.3315


error =

    1.3336


error =

    1.3330


error =

    1.3317


error =

    1.3323


error =

    1.3408


error =

    1.3316


error =

    1.3315


error =

    1.3320


error =

    1.3315


error =

    1.3315


error =

    1.3315


error =

    1.3315

    3      52    1.331528e+00    0.000e+00    5.682e+05    8.281e-03

error =

    0.7329


error =

    0.7337


error =

    0.7339


error =

    0.7329


error =

    0.7333


error =

    0.7410


error =

    0.7329


error =

    0.7329


error =

    0.7330


error =

    0.7329


error =

    0.7329


error =

    0.7329


error =

    0.7329

    4      65    7.328700e-01    0.000e+00    3.163e+05    5.830e-02

error =

    2.8955


error =

    0.7544


error =

    0.7553


error =

    0.7561


error =

    0.7543


error =

    0.7547


error =

    0.7635


error =

    0.7544


error =

    0.7544


error =

    0.7547


error =

    0.7544


error =

    0.7544


error =

    0.7544


error =

    0.7544

    5      79    7.544009e-01    0.000e+00    1.389e+05    4.811e-02

error =

    0.5645


error =

    0.5649


error =

    0.5652


error =

    0.5645


error =

    0.5644


error =

    0.5704


error =

    0.5645


error =

    0.5645


error =

    0.5646


error =

    0.5645


error =

    0.5645


error =

    0.5645


error =

    0.5645

    6      92    5.644520e-01    0.000e+00    2.503e+05    9.185e-02

error =

    0.5449


error =

    0.5454


error =

    0.5459


error =

    0.5449


error =

    0.5451


error =

    0.5503


error =

    0.5451


error =

    0.5449


error =

    0.5452


error =

    0.5449


error =

    0.5449


error =

    0.5449


error =

    0.5449

    7     105    5.448664e-01    0.000e+00    4.833e+04    1.685e-01

error =

    0.5890


error =

    0.5610


error =

    0.5615


error =

    0.5620


error =

    0.5610


error =

    0.5612


error =

    0.5668


error =

    0.5613


error =

    0.5611


error =

    0.5614


error =

    0.5610


error =

    0.5610


error =

    0.5610


error =

    0.5610

    8     119    5.610365e-01    0.000e+00    2.539e+04    6.492e-02

error =

    0.9243


error =

    0.5288


error =

    0.5233


error =

    0.5235


error =

    0.5241


error =

    0.5232


error =

    0.5233


error =

    0.5284


error =

    0.5235


error =

    0.5233


error =

    0.5235


error =

    0.5233


error =

    0.5233


error =

    0.5233


error =

    0.5233

    9     134    5.232535e-01    0.000e+00    6.359e+04    5.935e-02

error =

    0.4032


error =

    0.4034


error =

    0.4039


error =

    0.4032


error =

    0.4032


error =

    0.4050


error =

    0.4036


error =

    0.4033


error =

    0.4037


error =

    0.4032


error =

    0.4032


error =

    0.4032


error =

    0.4032

   10     147    4.032153e-01    0.000e+00    1.814e+05    1.521e-02

error =

    0.3446


error =

    0.3444


error =

    0.3451


error =

    0.3446


error =

    0.3446


error =

    0.3446


error =

    0.3451


error =

    0.3447


error =

    0.3453


error =

    0.3446


error =

    0.3446


error =

    0.3446


error =

    0.3446

   11     160    3.446219e-01    0.000e+00    2.310e+05    8.198e-03

error =

    0.3773


error =

    0.3486


error =

    0.3488


error =

    0.3490


error =

    0.3486


error =

    0.3485


error =

    0.3485


error =

    0.3492


error =

    0.3487


error =

    0.3491


error =

    0.3486


error =

    0.3486


error =

    0.3486


error =

    0.3486

   12     174    3.485641e-01    0.000e+00    1.602e+05    2.487e-02

error =

    0.4812


error =

    0.3821


error =

    0.3546


error =

    0.3549


error =

    0.3551


error =

    0.3546


error =

    0.3547


error =

    0.3548


error =

    0.3554


error =

    0.3547


error =

    0.3553


error =

    0.3546


error =

    0.3546


error =

    0.3546


error =

    0.3546

   13     189    3.545642e-01    0.000e+00    1.022e+05    1.943e-02

error =

    0.6964


error =

    0.3613


error =

    0.3441


error =

    0.3440


error =

    0.3445


error =

    0.3441


error =

    0.3441


error =

    0.3439


error =

    0.3449


error =

    0.3442


error =

    0.3448


error =

    0.3441


error =

    0.3441


error =

    0.3441


error =

    0.3441

   14     204    3.440549e-01    0.000e+00    9.690e+04    2.045e-02

error =

    0.9013


error =

    0.3718


error =

    0.3356


error =

    0.3355


error =

    0.3360


error =

    0.3357


error =

    0.3356


error =

    0.3353


error =

    0.3363


error =

    0.3357


error =

    0.3362


error =

    0.3356


error =

    0.3356


error =

    0.3356


error =

    0.3356

   15     219    3.356496e-01    0.000e+00    9.470e+04    2.020e-02

error =

    1.2020


error =

    0.4053


error =

    0.3413


error =

    0.3416


error =

    0.3419


error =

    0.3413


error =

    0.3413


error =

    0.3418


error =

    0.3420


error =

    0.3415


error =

    0.3420


error =

    0.3413


error =

    0.3413


error =

    0.3413


error =

    0.3413

   16     234    3.413403e-01    0.000e+00    2.686e+04    2.417e-02

error =

    0.6972


error =

    0.4594


error =

    0.3658


error =

    0.3399


error =

    0.3401


error =

    0.3405


error =

    0.3399


error =

    0.3399


error =

    0.3405


error =

    0.3409


error =

    0.3400


error =

    0.3407


error =

    0.3399


error =

    0.3399


error =

    0.3399


error =

    0.3399

   17     250    3.398608e-01    0.000e+00    2.832e+04    8.595e-03

error =

    0.9585


error =

    0.3622


error =

    0.3259


error =

    0.3261


error =

    0.3264


error =

    0.3259


error =

    0.3259


error =

    0.3261


error =

    0.3267


error =

    0.3261


error =

    0.3266


error =

    0.3259


error =

    0.3259


error =

    0.3259


error =

    0.3259

   18     265    3.259456e-01    0.000e+00    3.771e+04    5.028e-02

error =

    0.3208


error =

    0.3203


error =

    0.3212


error =

    0.3208


error =

    0.3209


error =

    0.3210


error =

    0.3218


error =

    0.3209


error =

    0.3215


error =

    0.3208


error =

    0.3208


error =

    0.3208


error =

    0.3208

   19     278    3.208179e-01    0.000e+00    4.723e+04    4.694e-02

error =

    0.3552


error =

    0.3228


error =

    0.3228


error =

    0.3233


error =

    0.3228


error =

    0.3229


error =

    0.3232


error =

    0.3246


error =

    0.3230


error =

    0.3237


error =

    0.3228


error =

    0.3228


error =

    0.3228


error =

    0.3228

   20     292    3.227922e-01    0.000e+00    5.894e+04    4.790e-02

error =

    0.3849


error =

    0.3205


error =

    0.3207


error =

    0.3210


error =

    0.3205


error =

    0.3205


error =

    0.3210


error =

    0.3220


error =

    0.3206


error =

    0.3213


error =

    0.3205


error =

    0.3205


error =

    0.3205


error =

    0.3205

   21     306    3.204831e-01    0.000e+00    2.464e+04    4.022e-02

error =

    0.3367

