
                            < M A T L A B (R) >
                  Copyright 1984-2021 The MathWorks, Inc.
             R2021b Update 7 (9.11.0.2358333) 64-bit (glnxa64)
                              August 16, 2023

 
To get started, type doc.
For product information, visit www.mathworks.com.
 

error =

   10.0085


error =

   11.2591


error =

   11.2631


error =

   11.2622


error =

   11.2565


error =

   11.2621


error =

   11.2602


error =

   11.3056


error =

   11.2630


error =

   11.2650


error =

   11.2591


error =

   11.2591


error =

   11.2591


error =

   11.2591

                                            First-order      Norm of
 Iter F-count            f(x)  Feasibility   optimality         step
    0      13    1.125912e+01    0.000e+00    3.884e+05

error =

    2.7831


error =

    2.7855


error =

    2.7844


error =

    2.7828


error =

    2.7849


error =

    2.7837


error =

    2.8081


error =

    2.7850


error =

    2.7868


error =

    2.7831


error =

    2.7831


error =

    2.7831


error =

    2.7831

    1      26    2.783113e+00    0.000e+00    6.339e+05    3.476e-01

error =

    0.5837


error =

    0.5841


error =

    0.5840


error =

    0.5836


error =

    0.5840


error =

    0.5844


error =

    0.5878


error =

    0.5839


error =

    0.5846


error =

    0.5837


error =

    0.5837


error =

    0.5837


error =

    0.5837

    2      39    5.836733e-01    0.000e+00    8.260e+05    1.414e-02

error =

    0.4951


error =

    0.4957


error =

    0.4955


error =

    0.4951


error =

    0.4953


error =

    0.4957


error =

    0.4998


error =

    0.4955


error =

    0.4962


error =

    0.4951


error =

    0.4951


error =

    0.4951


error =

    0.4951

    3      52    4.951491e-01    0.000e+00    1.294e+05    6.297e-03

error =

    0.4567


error =

    0.4571


error =

    0.4571


error =

    0.4567


error =

    0.4561


error =

    0.4576


error =

    0.4596


error =

    0.4571


error =

    0.4573


error =

    0.4567


error =

    0.4567


error =

    0.4567


error =

    0.4567

    4      65    4.567060e-01    0.000e+00    6.158e+04    2.051e-02

error =

    0.4234


error =

    0.4237


error =

    0.4238


error =

    0.4233


error =

    0.4232


error =

    0.4241


error =

    0.4269


error =

    0.4237


error =

    0.4242


error =

    0.4234


error =

    0.4234


error =

    0.4234


error =

    0.4234

    5      78    4.233720e-01    0.000e+00    5.880e+04    7.853e-02

error =

    0.4291


error =

    0.4296


error =

    0.4297


error =

    0.4291


error =

    0.4291


error =

    0.4300


error =

    0.4324


error =

    0.4294


error =

    0.4299


error =

    0.4291


error =

    0.4291


error =

    0.4291


error =

    0.4291

    6      91    4.291273e-01    0.000e+00    3.979e+04    1.398e-01

error =

    0.4703


error =

    0.4708


error =

    0.4710


error =

    0.4702


error =

    0.4706


error =

    0.4714


error =

    0.4746


error =

    0.4707


error =

    0.4714


error =

    0.4703


error =

    0.4703


error =

    0.4703


error =

    0.4703

    7     104    4.702829e-01    0.000e+00    2.409e+04    7.839e-02

error =

    0.3896


error =

    0.3663


error =

    0.3666


error =

    0.3669


error =

    0.3663


error =

    0.3666


error =

    0.3669


error =

    0.3685


error =

    0.3665


error =

    0.3674


error =

    0.3663


error =

    0.3663


error =

    0.3663


error =

    0.3663

    8     118    3.663412e-01    0.000e+00    1.227e+05    3.775e-02

error =

    0.5109


error =

    0.3017


error =

    0.3014


error =

    0.3020


error =

    0.3017


error =

    0.3017


error =

    0.3016


error =

    0.3023


error =

    0.3018


error =

    0.3023


error =

    0.3017


error =

    0.3017


error =

    0.3017


error =

    0.3017

    9     132    3.017222e-01    0.000e+00    2.191e+05    1.248e-01

error =

    0.3008


error =

    0.3012


error =

    0.3012


error =

    0.3008


error =

    0.3008


error =

    0.3012


error =

    0.3021


error =

    0.3009


error =

    0.3015


error =

    0.3008


error =

    0.3008


error =

    0.3008


error =

    0.3008

   10     145    3.008038e-01    0.000e+00    3.395e+04    9.001e-02

error =

    0.5596


error =

    0.3905


error =

    0.3292


error =

    0.3095


error =

    0.3099


error =

    0.3100


error =

    0.3095


error =

    0.3096


error =

    0.3100


error =

    0.3112


error =

    0.3096


error =

    0.3103


error =

    0.3095


error =

    0.3095


error =

    0.3095


error =

    0.3095

   11     161    3.094734e-01    0.000e+00    2.917e+04    6.090e-02

error =

    0.2858


error =

    0.2806


error =

    0.2807


error =

    0.2810


error =

    0.2806


error =

    0.2807


error =

    0.2809


error =

    0.2818


error =

    0.2807


error =

    0.2814


error =

    0.2806


error =

    0.2806


error =

    0.2806


error =

    0.2806

   12     175    2.806010e-01    0.000e+00    3.569e+04    2.734e-01

error =

    0.5857


error =

    0.3074


error =

    0.2810


error =

    0.2785


error =

    0.2784


error =

    0.2789


error =

    0.2785


error =

    0.2785


error =

    0.2787


error =

    0.2796


error =

    0.2785


error =

    0.2793


error =

    0.2785


error =

    0.2785


error =

    0.2785


error =

    0.2785

   13     191    2.784590e-01    0.000e+00    3.941e+04    2.451e-02

error =

    0.3377


error =

    0.2776


error =

    0.2722


error =

    0.2723


error =

    0.2726


error =

    0.2722


error =

    0.2723


error =

    0.2725


error =

    0.2732


error =

    0.2723


error =

    0.2730


error =

    0.2722


error =

    0.2722


error =

    0.2722


error =

    0.2722

   14     206    2.722424e-01    0.000e+00    4.691e+04    2.698e-02

error =

    0.3967


error =

    0.3095


error =

    0.2844


error =

    0.2763


error =

    0.3111


error =

    0.2801


error =

    0.2738


error =

    0.2740


error =

    0.2742


error =

    0.2738


error =

    0.2738


error =

    0.2741


error =

    0.2747


error =

    0.2739


error =

    0.2745


error =

    0.2738


error =

    0.2738


error =

    0.2738


error =

    0.2738

   15     225    2.738309e-01    0.000e+00    1.802e+03    3.419e-02

error =

    0.3075


error =

    0.2749


error =

    0.2702


error =

    0.2705


error =

    0.2705


error =

    0.2702


error =

    0.2702


error =

    0.2703


error =

    0.2706


error =

    0.2702


error =

    0.2708


error =

    0.2702


error =

    0.2702


error =

    0.2702


error =

    0.2702

   16     240    2.702015e-01    0.000e+00    3.519e+04    6.306e-02

error =

    0.2810


error =

    0.2563


error =

    0.2562


error =

    0.2566


error =

    0.2563


error =

    0.2563


error =

    0.2562


error =

    0.2562


error =

    0.2563


error =

    0.2569


error =

    0.2563


error =

    0.2563


error =

    0.2563


error =

    0.2563

   17     254    2.563463e-01    0.000e+00    6.517e+04    4.541e-02

error =

    0.2552


error =

    0.2551


error =

    0.2555


error =

    0.2552


error =

    0.2553


error =

    0.2549


error =

    0.2559


error =

    0.2552


error =

    0.2559


error =

    0.2552


error =

    0.2552


error =

    0.2552


error =

    0.2552

   18     267    2.552037e-01    0.000e+00    2.264e+04    3.527e-02

error =

    0.2530


error =

    0.2533


error =

    0.2533


error =

    0.2530


error =

    0.2531


error =

    0.2530


error =

    0.2542


error =

    0.2531


error =

    0.2538


error =

    0.2530


error =

    0.2530


error =

    0.2530


error =

    0.2530

   19     280    2.530026e-01    0.000e+00    5.357e+04    9.744e-02

error =

    0.2594


error =

    0.2471


error =

    0.2473


error =

    0.2475


error =

    0.2471


error =

    0.2472


error =

    0.2473


error =

    0.2487


error =

    0.2472


error =

    0.2479


error =

    0.2471


error =

    0.2471


error =

    0.2471


error =

    0.2471

   20     294    2.471213e-01    0.000e+00    7.786e+04    4.828e-02

error =

    0.2496


error =

    0.2424


error =

    0.2426


error =

    0.2427


error =

    0.2424


error =

    0.2424


error =

    0.2425


error =

    0.2428


error =

    0.2424


error =

    0.2430


error =

    0.2424


error =

    0.2424


error =

    0.2424


error =

    0.2424

   21     308    2.423983e-01    0.000e+00    8.727e+03    1.337e-02

error =

    0.2423


error =

    0.2422


error =

    0.2424


error =

    0.2424


error =

    0.2422


error =

    0.2421


error =

    0.2423


error =

    0.2426


error =

    0.2422


error =

    0.2428


error =

    0.2422


error =

    0.2422


error =

    0.2422


error =

    0.2422

   22     322    2.421733e-01    0.000e+00    9.218e+03    2.739e-03

error =

    0.2459


error =

    0.2403


error =

    0.2404


error =

    0.2405


error =

    0.2403


error =

    0.2402


error =

    0.2403


error =

    0.2398


error =

    0.2402


error =

    0.2408


error =

    0.2403


error =

    0.2403


error =

    0.2403


error =

    0.2403

   23     336    2.402677e-01    0.000e+00    5.638e+04    7.165e-03

error =

    0.3038


error =

    0.2414


error =

    0.2373


error =

    0.2374


error =

    0.2376


error =

    0.2374


error =

    0.2373


error =

    0.2372


error =

    0.2371


error =

    0.2373


error =

    0.2379


error =

    0.2373


error =

    0.2373


error =

    0.2373


error =

    0.2373

   24     351    2.373476e-01    0.000e+00    4.391e+04    2.309e-03

error =

    0.5339


error =

    0.2714


error =

    0.2407


error =

    0.2364


error =

    0.2363


error =

    0.2366


error =

    0.2364


error =

    0.2363


error =

    0.2363


error =

    0.2360


error =

    0.2363


error =

    0.2369


error =

    0.2364


error =

    0.2364


error =

    0.2364


error =

    0.2364

   25     367    2.363942e-01    0.000e+00    5.092e+04    1.664e-03

error =

    0.2504


error =

    0.2362


error =

    0.2360


error =

    0.2365


error =

    0.2362


error =

    0.2362


error =

    0.2363


error =

    0.2371


error =

    0.2362


error =

    0.2368


error =

    0.2362


error =

    0.2362


error =

    0.2362


error =

    0.2362

   26     381    2.361545e-01    0.000e+00    3.474e+04    2.223e-03

error =

    0.2371


error =

    0.2346


error =

    0.2346


error =

    0.2350


error =

    0.2346


error =

    0.2347


error =

    0.2348


error =

    0.2355


error =

    0.2347


error =

    0.2353


error =

    0.2346


error =

    0.2346


error =

    0.2346


error =

    0.2346

   27     395    2.346204e-01    0.000e+00    3.478e+04    1.758e-03

error =

    0.2334


error =

    0.2335


error =

    0.2337


error =

    0.2334


error =

    0.2334


error =

    0.2336


error =

    0.2342


error =

    0.2334


error =

    0.2341


error =

    0.2334


error =

    0.2334


error =

    0.2334


error =

    0.2334

   28     408    2.333650e-01    0.000e+00    2.858e+04    5.751e-03

error =

    0.3246


error =

    0.2495


error =

    0.2348


error =

    0.2324


error =

    0.2326


error =

    0.2327


error =

    0.2324


error =

    0.2324


error =

    0.2325


error =

    0.2330


error =

    0.2324


error =

    0.2331


error =

    0.2324


error =

    0.2324


error =

    0.2324


error =

    0.2324

   29     424    2.324137e-01    0.000e+00    1.422e+04    4.840e-03

error =

    0.2310


error =

    0.2310


error =

    0.2313


error =

    0.2310


error =

    0.2310


error =

    0.2309


error =

    0.2310


error =

    0.2310


error =

    0.2316


error =

    0.2310


error =

    0.2310


error =

    0.2310


error =

    0.2310

   30     437    2.310249e-01    0.000e+00    2.793e+04    4.695e-03

error =

    0.2943


error =

    0.2505


error =

    0.2376


error =

    0.2334


error =

    0.2294


error =

    0.2293


error =

    0.2297


error =

    0.2294


error =

    0.2294


error =

    0.2294


error =

    0.2296


error =

    0.2293


error =

    0.2300


error =

    0.2294


error =

    0.2294


error =

    0.2294


error =

    0.2294


                                            First-order      Norm of
 Iter F-count            f(x)  Feasibility   optimality         step
   31     454    2.293515e-01    0.000e+00    1.440e+03    7.240e-04

error =

    0.2304


error =

    0.2293


error =

    0.2293


error =

    0.2296


error =

    0.2293


error =

    0.2293


error =

    0.2294


error =

    0.2297


error =

    0.2293


error =

    0.2299


error =

    0.2293


error =

    0.2293


error =

    0.2293


error =

    0.2293

   32     468    2.293139e-01    0.000e+00    9.866e+03    1.502e-03

error =

    0.3959


error =

    0.2862


error =

    0.2463


error =

    0.2336


error =

    0.5548


error =

    0.4176


error =

    0.3444


error =

    0.2748


error =

    0.2439


error =

    0.2334


error =

    0.2300


error =

    0.2292


error =

    0.2293


error =

    0.2296


error =

    0.2292


error =

    0.2292


error =

    0.2293


error =

    0.2297


error =

    0.2293


error =

    0.2299


error =

    0.2292


error =

    0.2292


error =

    0.2292


error =

    0.2292

   33     492    2.292381e-01    0.000e+00    1.307e+03    4.134e-03

error =

    0.2318


error =

    0.2292


error =

    0.2293


error =

    0.2296


error =

    0.2292


error =

    0.2292


error =

    0.2293


error =

    0.2297


error =

    0.2293


error =

    0.2299


error =

    0.2292


error =

    0.2292


error =

    0.2292


error =

    0.2292

   34     506    2.292343e-01    0.000e+00    1.444e+03    3.740e-04

error =

    0.2322


error =

    0.2298


error =

    0.2293


error =

    0.2292


error =

    0.2292


error =

    0.2295


error =

    0.2292


error =

    0.2292


error =

    0.2292


error =

    0.2297


error =

    0.2292


error =

    0.2299


error =

    0.2292


error =

    0.2292


error =

    0.2292


error =

    0.2292

   35     522    2.292007e-01    0.000e+00    2.844e+03    3.749e-04

error =

    0.2340


error =

    0.2297


error =

    0.2290


error =

    0.2291


error =

    0.2293


error =

    0.2290


error =

    0.2290


error =

    0.2290


error =

    0.2294


error =

    0.2290


error =

    0.2297


error =

    0.2290


error =

    0.2290


error =

    0.2290


error =

    0.2290

   36     537    2.290243e-01    0.000e+00    9.408e+03    2.204e-04

error =

    0.2291


error =

    0.2289


error =

    0.2290


error =

    0.2292


error =

    0.2289


error =

    0.2289


error =

    0.2289


error =

    0.2292


error =

    0.2289


error =

    0.2296


error =

    0.2289


error =

    0.2289


error =

    0.2289


error =

    0.2289

   37     551    2.289476e-01    0.000e+00    9.889e+03    8.779e-04

error =

    0.2290


error =

    0.2290


error =

    0.2289


error =

    0.2289


error =

    0.2290


error =

    0.2289


error =

    0.2289


error =

    0.2289


error =

    0.2292


error =

    0.2289


error =

    0.2289


error =

    0.2289


error =

    0.2292


error =

    0.2289


error =

    0.2296


error =

    0.2289


error =

    0.2289


error =

    0.2289


error =

    0.2289

   38     570    2.289399e-01    0.000e+00    4.419e+02    4.799e-04

error =

    0.2308


error =

    0.2289


error =

    0.2289


error =

    0.2292


error =

    0.2289


error =

    0.2289


error =

    0.2289


error =

    0.2292


error =

    0.2289


error =

    0.2296


error =

    0.2289


error =

    0.2289


error =

    0.2289


error =

    0.2289

   39     584    2.289390e-01    0.000e+00    4.412e+02    4.727e-06

error =

    0.2301


error =

    0.2291


error =

    0.2289


error =

    0.2289


error =

    0.2292


error =

    0.2289


error =

    0.2289


error =

    0.2289


error =

    0.2292


error =

    0.2289


error =

    0.2295


error =

    0.2289


error =

    0.2289


error =

    0.2289


error =

    0.2289

   40     599    2.288972e-01    0.000e+00    1.549e+03    2.023e-04

error =

    0.2294


error =

    0.2289


error =

    0.2289


error =

    0.2289


error =

    0.2292


error =

    0.2289


error =

    0.2289


error =

    0.2288


error =

    0.2292


error =

    0.2289


error =

    0.2295


error =

    0.2289


error =

    0.2289


error =

    0.2289


error =

    0.2289

   41     614    2.288557e-01    0.000e+00    3.171e+03    6.899e-04

error =

    0.2362


error =

    0.2313


error =

    0.2295


error =

    0.2289


error =

    0.2338


error =

    0.2310


error =

    0.2298


error =

    0.2290


error =

    0.2288


error =

    0.2288


error =

    0.2292


error =

    0.2288


error =

    0.2288


error =

    0.2289


error =

    0.2293


error =

    0.2289


error =

    0.2295


error =

    0.2288


error =

    0.2288


error =

    0.2288


error =

    0.2288

   42     635    2.288470e-01    0.000e+00    7.107e+02    1.468e-04

error =

    0.2310


error =

    0.2288


error =

    0.2288


error =

    0.2292


error =

    0.2288


error =

    0.2288


error =

    0.2289


error =

    0.2292


error =

    0.2288


error =

    0.2295


error =

    0.2288


error =

    0.2288


error =

    0.2288


error =

    0.2288

   43     649    2.288435e-01    0.000e+00    1.006e+03    8.217e-05

error =

    0.2571


error =

    0.2328


error =

    0.2295


error =

    0.2289


error =

    0.2293


error =

    0.2289


error =

    0.2288


error =

    0.2288


error =

    0.2288


error =

    0.2291


error =

    0.2288


error =

    0.2288


error =

    0.2288


error =

    0.2292


error =

    0.2288


error =

    0.2295


error =

    0.2288


error =

    0.2288


error =

    0.2288


error =

    0.2288

   44     669    2.288205e-01    0.000e+00    1.681e+02    1.387e-04

error =

    0.2302


error =

    0.2288


error =

    0.2288


error =

    0.2291


error =

    0.2288


error =

    0.2288


error =

    0.2288


error =

    0.2292


error =

    0.2288


error =

    0.2294


error =

    0.2288


error =

    0.2288


error =

    0.2288


error =

    0.2288

   45     683    2.288083e-01    0.000e+00    1.028e+03    5.342e-05

error =

    0.4417


error =

    0.2732


error =

    0.2395


error =

    0.2315


error =

    0.2310


error =

    0.2295


error =

    0.2290


error =

    0.2288


error =

    0.2288


error =

    0.2288


error =

    0.2291


error =

    0.2288


error =

    0.2288


error =

    0.2288


error =

    0.2291


error =

    0.2288


error =

    0.2294


error =

    0.2288


error =

    0.2288


error =

    0.2288


error =

    0.2288

   46     704    2.288025e-01    0.000e+00    3.560e+02    1.617e-03

error =

    0.5387


error =

    0.2288


error =

    0.2288


error =

    0.2288


error =

    0.2288


error =

    0.2288


error =

    0.2291


error =

    0.2288


error =

    0.2288


error =

    0.2288


error =

    0.2291


error =

    0.2288


error =

    0.2294


error =

    0.2288


error =

    0.2288


error =

    0.2288


error =

    0.2288

   47     721    2.287646e-01    0.000e+00    3.480e+02    2.545e-03

error =

    0.2393


error =

    0.2288


error =

    0.2288


error =

    0.2291


error =

    0.2288


error =

    0.2288


error =

    0.2288


error =

    0.2291


error =

    0.2288


error =

    0.2294


error =

    0.2288


error =

    0.2288


error =

    0.2288


error =

    0.2288

   48     735    2.287586e-01    0.000e+00    4.217e+02    1.166e-05

error =

    0.2402


error =

    0.2314


error =

    0.2293


error =

    0.2289


error =

    0.2288


error =

    0.2287


error =

    0.2291


error =

    0.2288


error =

    0.2288


error =

    0.2288


error =

    0.2291


error =

    0.2288


error =

    0.2294


error =

    0.2288


error =

    0.2288


error =

    0.2288


error =

    0.2288

   49     752    2.287527e-01    0.000e+00    2.921e+02    2.137e-04

error =

    0.2329


error =

    0.2288


error =

    0.2288


error =

    0.2288


error =

    0.2288


error =

    0.2288


error =

    0.2288


error =

    0.2288


error =

    0.2287


error =

    0.2291


error =

    0.2288


error =

    0.2288


error =

    0.2288


error =

    0.2291


error =

    0.2288


error =

    0.2294


error =

    0.2288


error =

    0.2288


error =

    0.2288


error =

    0.2288

   50     772    2.287513e-01    0.000e+00    2.843e+02    2.639e-04

error =

    0.2835


error =

    0.2288


error =

    0.2287


error =

    0.2291


error =

    0.2288


error =

    0.2288


error =

    0.2288


error =

    0.2291


error =

    0.2288


error =

    0.2294


error =

    0.2288


error =

    0.2288


error =

    0.2288


error =

    0.2288

   51     786    2.287512e-01    0.000e+00    2.753e+02    1.160e-06

error =

    0.2587


error =

    0.2363


error =

    0.2307


error =

    0.2292


error =

    0.2287


error =

    0.2287


error =

    0.2291


error =

    0.2287


error =

    0.2287


error =

    0.2287


error =

    0.2291


error =

    0.2287


error =

    0.2294


error =

    0.2287


error =

    0.2287


error =

    0.2287


error =

    0.2287

   52     803    2.287479e-01    0.000e+00    3.370e+02    6.609e-06

error =

    0.2753


error =

    0.2287


error =

    0.2287


error =

    0.2287


Local minimum possible. Constraints satisfied.

fmincon stopped because the size of the current step is less than
the value of the step size tolerance and constraints are 
satisfied to within the value of the constraint tolerance.


error =

    0.2287

J=2.287479e-01   Err_inp=2.100160e+03

ans =

    0.0000    0.0000
    0.0000    0.0000
    0.0001    0.0000
    0.0000    0.0000
    0.0000    0.0000
    0.0000    0.0000
    0.0000    0.0000
    0.0000    0.0000
    0.9761    0.2438
    1.0383    0.3077
    0.5651    0.1132
    0.3706    0.1002

